cmd: ./BMF_book_example_both.out
events: Ir
fl=./csu/../csu/libc-start.c
fn=__libc_start_main@@GLIBC_2.34
128 2
134 3
135 7
138 1
139 2
142 3
143 2
144 16
145 8
242 13
311 3
312 3
337 6
340 2
343 2
350 2
352 2
360 4
fl=./csu/../sysdeps/nptl/libc_start_call_main.h
fn=(below main)
29 9
44 3
46 2
51 2
52 2
55 2
58 6
74 2
fl=./csu/./csu/init-first.c
fn=_init_first
46 6
51 2
55 5
61 1
62 1
63 2
71 2
72 3
fl=./ctype/./ctype/ctype-info.c
fn=__ctype_init
29 1
31 7
33 4
35 4
36 1
fl=./debug/../sysdeps/x86_64/multiarch/ifunc-memmove.h
fn=__memcpy_chk
56 2
57 3
60 3
61 2
74 2
77 2
85 2
93 2
96 5
fn=__memmove_chk
56 2
57 3
60 3
61 2
74 2
77 2
85 2
93 2
96 5
fn=__mempcpy_chk
56 2
57 3
60 3
61 2
74 2
77 2
85 2
93 2
96 5
fl=./debug/../sysdeps/x86_64/multiarch/ifunc-memset.h
fn=__memset_chk
54 5
57 3
58 2
64 2
73 2
75 2
85 2
93 2
96 5
fl=./debug/../sysdeps/x86_64/multiarch/memcpy_chk.c
fn=__memcpy_chk
29 1
fl=./debug/../sysdeps/x86_64/multiarch/memmove_chk.c
fn=__memmove_chk
29 1
fl=./debug/../sysdeps/x86_64/multiarch/mempcpy_chk.c
fn=__mempcpy_chk
29 1
fl=./debug/../sysdeps/x86_64/multiarch/memset_chk.c
fn=__memset_chk
29 1
fl=./elf/../bits/stdlib-bsearch.h
fn=intel_check_word.constprop.0
27 96
28 48
29 744
31 648
32 348
35 264
37 120
fl=./elf/../elf/dl-tls.c
fn=_dl_add_to_slotinfo
1017 27
1023 3
1026 3
1027 3
1031 9
1065 6
1068 6
1069 9
1072 18
fn=_dl_allocate_tls_init
523 11
524 2
528 2
531 1
534 2
537 3
549 1
554 27
560 9
563 9
564 6
570 9
571 6
573 24
576 6
577 6
580 6
581 12
583 6
584 6
593 3
601 6
603 30
609 3
615 2
618 2
621 9
fn=_dl_allocate_tls_storage
365 1
369 1
370 1
371 2
374 1
380 2
417 7
419 1
430 1
431 1
432 2
440 6
441 1
445 305
464 1
470 7
fn=_dl_assign_tls_modid
125 12
128 6
141 3
181 3
183 3
186 3
187 6
fn=_dl_count_modids
192 1
194 2
195 1
210 2
fn=_dl_determine_tlsoffset
216 9
217 1
218 1
219 1
222 4
225 2
259 1
261 25
263 9
265 9
266 6
268 6
270 15
281 3
286 24
288 6
289 3
294 3
301 1
302 7
304 2
354 1
355 8
fn=_dl_tls_static_surplus_init
83 3
97 8
100 6
101 5
102 3
104 4
107 1
109 1
111 3
112 6
fl=./elf/../include/list.h
fn=__tls_init_tp
43 2
44 2
45 1
47 1
fl=./elf/../include/rtld-malloc.h
fn=__minimal_calloc
56 17
fn=_dl_allocate_tls_storage
44 2
56 1
fn=_dl_check_map_versions
44 18
fn=_dl_find_object_init
56 2
fn=_dl_important_hwcaps
56 4
fn=_dl_init_paths
56 5
fn=_dl_map_object_deps
56 12
fn=_dl_new_object
44 18
56 15
fn=do_lookup_x
44 13
fn=fillin_rpath.isra.0
50 2
51 1
56 2
fn=init_tls
44 2
fl=./elf/../include/scratch_buffer.h
fn=_dl_map_object_deps
77 2
78 1
85 3
131 20
fl=./elf/../misc/sbrk.c
fn=sbrk
37 6
40 1
58 2
62 2
78 5
fl=./elf/../nptl/nptl-stack.h
fn=__libc_early_init
61 8
fl=./elf/../sysdeps/generic/_itoa.h
fn=_dl_check_map_versions
76 36
fl=./elf/../sysdeps/generic/dl-cache.h
fn=_dl_load_cache_lookup
125 4
194 1
195 5
fl=./elf/../sysdeps/generic/dl-call_tls_init_tp.h
fn=init_tls
31 8
33 1
fl=./elf/../sysdeps/generic/dl-debug.h
fn=dl_main
29 4
30 1
fl=./elf/../sysdeps/generic/dl-hash.h
fn=__rtld_malloc_init_real
43 1
44 1
45 19
48 18
62 24
67 1
72 1
fl=./elf/../sysdeps/generic/dl-new-hash.h
fn=_dl_lookup_symbol_x
69 1887
70 3774
74 40961
77 81922
80 40017
81 80034
87 943
88 943
89 1886
90 943
99 39074
101 39074
102 78148
104 39074
105 39074
fl=./elf/../sysdeps/generic/dl-protected.h
fn=do_lookup_x
29 7484
fl=./elf/../sysdeps/generic/ldsodefs.h
fn=_dl_relocate_object
79 62
140 10311
fn=_dl_start
79 6
fn=do_lookup_x
139 3742
140 5613
fl=./elf/../sysdeps/nptl/dl-mutex.c
fn=__rtld_mutex_init
30 7
37 1
40 7
44 2
45 9
47 6
51 2
52 7
53 6
fl=./elf/../sysdeps/nptl/dl-tls_init_tp.c
fn=__tls_init_tp
68 5
69 1
72 1
75 4
76 2
77 1
82 2
87 4
90 1
93 3
105 4
121 3
128 2
129 3
fn=__tls_pre_init_tp
53 3
56 10
61 2
62 1
64 1
fn=rtld_mutex_dummy
42 178
44 356
fl=./elf/../sysdeps/nptl/pthread_early_init.h
fn=__libc_early_init
33 6
34 1
38 5
45 2
46 1
48 2
52 5
53 1
54 1
56 1
fl=./elf/../sysdeps/posix/dl-fileid.h
fn=_dl_map_object_from_fd
37 20
40 20
49 60
fl=./elf/../sysdeps/unix/sysv/linux/brk.c
fn=brk
36 1
37 1
38 2
44 1
45 1
fl=./elf/../sysdeps/unix/sysv/linux/brk_call.h
fn=brk
24 2
fl=./elf/../sysdeps/unix/sysv/linux/dl-osinfo.h
fn=dl_main
39 2
52 1
fl=./elf/../sysdeps/unix/sysv/linux/dl-parse_auxv.h
fn=_dl_sysdep_parse_arguments
32 2
33 1
34 1
41 85
42 40
43 40
45 1
46 2
47 2
48 2
49 1
51 2
52 2
53 2
54 2
56 2
fl=./elf/../sysdeps/unix/sysv/linux/dl-sysdep.c
fn=_dl_sysdep_parse_arguments
78 7
79 2
80 2
81 3
82 45
83 93
86 2
90 56
93 5
94 2
95 3
96 6
fn=_dl_sysdep_start
102 6
103 1
106 2
110 2
113 1
115 2
122 3
123 2
125 5
137 3
140 5
143 4
fn=_dl_sysdep_start_cleanup
147 1
148 1
fl=./elf/../sysdeps/unix/sysv/linux/dl-vdso-setup.h
fn=dl_main
30 1
33 1
36 1
39 1
45 1
fl=./elf/../sysdeps/unix/sysv/linux/dl-vdso.h
fn=dl_main
40 2
41 5
55 2
fl=./elf/../sysdeps/unix/sysv/linux/rseq-internal.h
fn=__tls_init_tp
32 3
34 7
37 2
40 1
fl=./elf/../sysdeps/unix/sysv/linux/x86/dl-hwcap2.h
fn=update_active.constprop.0
25 2
fl=./elf/../sysdeps/unix/sysv/linux/x86/dl-minsigstacksize.h
fn=get_common_indices.constprop.0
24 2
27 2
28 2
65 3
72 1
74 1
fl=./elf/../sysdeps/x86/cpu-features.c
fn=get_common_indices.constprop.0
398 3
402 4
405 5
409 1
410 4
411 4
412 4
413 3
414 2
421 2
423 9
428 8
435 2
436 7
442 2
457 3
fn=init_cpu_features.constprop.0
376 3
377 2
378 6
383 2
384 6
389 2
390 7
682 8
685 1
686 1
687 1
690 1
699 3
702 6
703 1
706 2
708 6
713 1
715 3
717 9
721 7
774 3
781 2
799 1
832 2
866 4
869 2
870 1
878 2
885 2
887 2
891 2
897 2
899 1
1001 3
1002 2
1005 2
1006 2
1012 1
1013 1
1014 1
1015 2
1019 4
1022 4
1028 3
1041 2
1042 4
1081 1
1082 2
1086 3
1103 2
1104 2
1106 3
1107 2
1109 3
1110 2
1113 2
1127 4
1129 4
1135 4
1142 8
fn=update_active.constprop.0
72 8
76 1
84 3
85 3
86 1
94 4
95 1
103 4
104 1
109 4
112 4
113 1
116 5
117 2
121 5
122 3
123 3
124 2
128 5
129 5
130 3
132 2
133 4
147 2
151 7
152 4
154 3
158 4
161 1
164 2
166 2
170 1
171 1
178 4
180 5
186 4
188 5
190 4
195 5
244 3
245 3
261 4
277 2
281 2
282 1
285 4
289 2
293 3
294 2
296 1
297 1
300 2
302 1
305 2
356 5
360 3
369 1
370 8
fl=./elf/../sysdeps/x86/dl-cacheinfo.h
fn=get_common_cache_info.constprop.0
571 11
586 1
587 1
588 2
589 1
590 2
596 3
598 7
601 2
613 1
618 3
622 2
627 5
630 24
637 8
640 26
645 2
649 3
650 2
654 2
658 3
661 4
662 1
667 4
673 4
681 6
683 2
685 4
687 12
689 1
690 1
691 9
693 4
696 7
701 1
703 4
704 3
705 1
708 2
711 2
718 1
720 4
721 1
726 2
731 2
732 1
733 2
734 1
759 3
770 5
771 5
775 2
782 1
783 2
784 1
785 7
fn=handle_intel.constprop.0
250 108
255 24
261 12
262 12
267 48
271 24
276 24
279 60
281 24
284 60
286 24
305 96
fn=init_cpu_features.constprop.0
792 1
793 1
795 1
809 2
811 3
812 3
813 3
814 2
817 3
819 3
820 2
822 3
824 3
825 1
827 3
829 3
830 2
832 3
834 3
836 3
838 5
894 2
895 2
896 2
897 2
898 2
899 2
900 1
901 1
902 1
903 1
904 1
905 1
907 1
910 3
924 3
925 7
930 2
931 6
932 2
939 3
959 6
968 2
969 2
974 12
987 5
995 7
997 2
1000 5
1002 2
1005 5
1006 5
1010 6
1011 3
1017 7
1020 11
1021 10
1022 13
1025 10
1027 10
1040 4
1042 2
1043 2
1044 1
1045 1
1046 1
1047 1
fn=intel_check_word.constprop.0
110 648
113 324
119 216
123 48
125 12
129 120
131 144
133 60
135 120
143 120
152 12
155 138
158 99
162 58
164 189
167 120
168 72
169 60
170 48
172 11
174 22
176 12
177 16
178 12
179 20
180 14
181 12
183 8
184 12
187 21
190 2
194 192
202 168
216 48
246 144
fl=./elf/../sysdeps/x86/dl-get-cpu-features.c
fn=__x86_cpu_features
39 3
71 3
fn=_dl_x86_init_cpu_features
37 1
39 3
41 1
fl=./elf/../sysdeps/x86/dl-isa-level.h
fn=_dl_load_cache_lookup
28 24
fl=./elf/../sysdeps/x86/dl-procinfo.h
fn=_dl_load_cache_lookup
39 8
42 28
fl=./elf/../sysdeps/x86/dl-prop.h
fn=_dl_map_object_from_fd
149 20
fn=_dl_process_pt_gnu_property
95 36
102 18
115 18
118 9
252 6
253 3
254 12
255 6
257 36
258 3
260 9
fn=dl_main
36 2
37 24
40 10
49 40
53 33
71 2
149 4
235 4
236 2
fl=./elf/../sysdeps/x86/get-isa-level.h
fn=_dl_hwcaps_subdirs_active
30 4
31 1
32 3
36 3
39 4
40 4
45 4
48 2
51 5
53 4
54 2
55 2
58 4
fn=update_active.constprop.0
28 1
30 4
31 1
32 3
36 3
38 1
39 2
40 4
45 4
47 1
48 2
51 5
53 4
54 2
55 2
57 1
58 4
fl=./elf/../sysdeps/x86_64/dl-cet.c
fn=_dl_cet_check
145 2
157 2
173 1
179 1
275 2
276 1
277 2
282 4
283 3
285 2
293 5
296 1
300 2
301 1
302 2
303 2
304 2
305 2
308 1
310 1
313 2
361 8
363 6
fn=_dl_cet_setup_features
331 1
334 2
350 1
fl=./elf/../sysdeps/x86_64/dl-hwcaps-subdirs.c
fn=_dl_hwcaps_subdirs_active
29 1
38 3
43 1
48 1
52 1
fl=./elf/../sysdeps/x86_64/dl-machine.h
fn=_dl_fixup
234 67
fn=_dl_relocate_object
81 30
87 8
91 6
97 2
108 6
129 4
132 4
134 8
267 6908
274 6908
278 6908
287 28011
290 6927
291 136
292 13752
295 6
296 9
307 6
314 15
317 20724
320 48
323 48
346 8
347 12
352 6
354 4
363 4
393 35
400 51
402 68
406 51
415 34
423 9638
436 7
460 3
464 4
465 4
466 5
467 2
476 136
478 68
479 68
498 3066
499 1022
503 2044
504 2044
514 2224
518 2224
521 3336
522 1112
730 14
734 8
fn=_dl_start
55 1
278 9
287 27
290 6
291 12
317 8
323 2
fn=_dl_sysdep_start
220 1
fl=./elf/../sysdeps/x86_64/dl-runtime.h
fn=_dl_fixup
28 67
fl=./elf/../sysdeps/x86_64/dl-trampoline.h
fn=_dl_runtime_resolve_xsave
71 67
76 67
79 67
81 67
91 67
97 67
98 67
99 67
100 67
101 67
102 67
103 67
107 67
108 67
111 67
112 67
114 67
115 67
116 67
117 67
118 67
119 67
121 67
128 67
129 67
130 67
131 67
136 67
137 67
138 67
140 67
141 67
142 67
143 67
144 67
145 67
146 67
148 67
150 67
154 67
156 67
fl=./elf/../sysdeps/x86_64/tls_get_addr.S
fn=__tls_get_addr
29 4
30 4
31 4
33 4
34 4
35 4
38 4
39 4
43 4
44 4
45 4
46 4
fl=./elf/./dl-find_object.h
fn=_dl_find_object_from_map
95 14
96 14
97 7
103 35
104 203
105 140
107 21
112 7
fl=./elf/./dl-hwcaps.h
fn=_dl_important_hwcaps
43 9
45 7
46 1
77 8
78 8
79 7
fl=./elf/./dl-load.h
fn=_dl_map_object_from_fd
91 40
92 16
93 20
94 16
96 16
fl=./elf/./dl-main.h
fn=dl_main
109 5
fl=./elf/./dl-map-segments.h
fn=_dl_map_object_from_fd
28 15
29 45
81 5
101 5
102 15
105 15
106 10
108 10
125 5
135 120
137 60
139 150
149 80
155 10
156 5
157 15
158 10
160 10
165 10
168 15
176 35
182 10
186 16
189 4
194 20
fl=./elf/./dl-sym-post.h
fn=lookup_malloc_symbol
41 8
53 12
fl=./elf/./dl-tunable-types.h
fn=__GI___tunable_set_val
84 5
fl=./elf/./elf/dl-audit.c
fn=_dl_audit_activity_map
29 7
30 1
31 3
37 6
fn=_dl_audit_activity_nsid
41 3
45 12
46 3
47 15
fn=_dl_audit_objclose
97 7
98 28
fn=_dl_audit_objopen
77 5
78 20
fn=_dl_audit_preinit
118 1
119 4
fl=./elf/./elf/dl-cache.c
fn=_dl_cache_libcmp
357 70
358 429
360 576
362 202
368 20
369 15
370 177
372 177
374 10
380 374
382 374
383 90
386 157
387 157
390 50
fn=_dl_load_cache_lookup
191 60
205 4
208 32
210 40
211 8
213 20
220 72
222 190
223 60
227 90
231 90
232 60
240 18
242 10
245 10
247 30
249 5
259 8
269 12
270 16
286 28
295 8
298 8
301 4
302 12
330 8
346 26
347 13
349 13
403 40
405 8
408 12
411 5
419 5
420 8
423 6
424 1
431 1
432 2
477 9
482 12
485 12
500 8
512 12
513 60
514 16
515 4
516 32
fn=_dl_unload_cache
525 3
526 4
528 2
529 1
533 1
535 2
fl=./elf/./elf/dl-call-libc-early-init.c
fn=_dl_call_libc_early_init
27 7
29 2
33 5
37 2
39 4
40 2
41 3
fl=./elf/./elf/dl-call_fini.c
fn=_dl_call_fini
24 56
28 14
32 7
34 7
35 14
38 10
39 15
42 44
43 6
47 7
48 14
49 15
50 37
fl=./elf/./elf/dl-catch.c
fn=_dl_catch_error
254 12
256 2
257 2
258 2
259 2
261 6
fn=_dl_catch_exception
58 39
59 26
69 26
70 65
204 104
207 26
214 13
228 13
229 26
235 78
237 39
239 52
248 39
fn=_dl_receive_error
58 2
59 1
69 2
70 2
186 7
188 1
192 1
194 1
197 1
198 4
fl=./elf/./elf/dl-debug.c
fn=_dl_debug_initialize
56 3
57 1
59 2
61 2
63 3
64 1
85 3
90 3
91 2
92 1
95 3
96 6
99 2
107 2
fn=_dl_debug_state
116 2
117 2
fn=_dl_debug_update
38 6
40 12
41 6
44 12
48 6
fl=./elf/./elf/dl-deps.c
fn=_dl_map_object_deps
128 3
129 5
130 6
132 3
136 8
143 13
144 20
160 9
161 1
164 1
182 1
183 6
184 1
188 15
190 27
193 7
197 21
198 46
201 20
205 10
208 22
210 20
215 5
216 5
217 10
218 10
219 5
221 631
222 298
228 113
230 12
232 48
233 24
242 12
244 24
249 35
252 5
253 5
254 5
255 10
256 5
257 5
259 20
263 36
264 27
266 411
417 14
419 25
422 10
423 20
429 5
430 25
431 25
434 5
435 10
439 21
441 7
442 32
448 5
449 1
452 4
463 5
465 4
470 5
471 1
472 2
474 25
478 7
483 14
485 21
490 7
494 2
495 3
532 2
533 2
547 9
552 9
553 5
557 1
559 2
560 1
561 3
568 3
571 2
574 8
fn=openaux
61 72
64 132
65 12
68 12
69 36
fl=./elf/./elf/dl-environ.c
fn=_dl_next_ld_env_entry
28 3
29 3
32 139
34 90
35 18
37 2
40 4
42 2
45 43
fl=./elf/./elf/dl-find_object.c
fn=_dl_find_object_init
561 5
564 1
566 2
567 3
579 2
580 3
582 2
585 2
590 1
591 1
594 3
596 2
599 6
601 1
604 4
fn=_dlfo_process_initial
474 8
475 2
477 2
478 4
504 24
505 34
506 14
508 52
511 48
513 36
515 12
516 12
517 24
529 2
531 8
fn=_dlfo_sort_mappings
536 1
537 2
540 24
544 10
545 70
546 75
548 5
549 5
553 20
554 25
555 10
557 1
fl=./elf/./elf/dl-fini.c
fn=_dl_fini
26 11
43 1
46 13
49 2
51 1
54 2
56 5
61 1
63 4
68 18
73 25
75 14
77 14
79 14
80 7
81 7
85 7
87 6
88 6
94 6
103 2
108 41
110 7
112 14
114 28
117 14
122 7
126 5
132 6
134 1
138 2
145 8
fl=./elf/./elf/dl-hwcaps.c
fn=_dl_important_hwcaps
52 16
54 2
55 4
56 2
57 2
77 16
80 16
84 2
86 6
87 2
88 2
100 5
102 3
105 1
108 1
112 5
125 12
127 10
128 4
129 4
130 2
133 3
142 13
143 11
145 8
151 5
155 4
156 3
157 3
161 1
162 2
163 2
172 14
174 2
175 3
185 2
186 3
189 3
193 2
194 2
201 1
202 5
208 2
209 1
213 3
216 9
fl=./elf/./elf/dl-hwcaps_split.c
fn=_dl_hwcaps_split
25 5
26 3
27 1
47 4
fn=_dl_hwcaps_split_masked
26 44
30 24
34 78
35 12
36 24
41 36
42 18
43 12
45 6
51 110
55 5
56 18
57 27
58 24
60 6
62 88
67 12
fl=./elf/./elf/dl-init.c
fn=_dl_init
29 16
35 40
37 41
81 13
82 1
83 1
86 3
89 2
94 4
119 1
120 32
121 14
127 8
fn=call_init.part.0
26 84
43 21
46 21
47 2
51 12
59 18
60 24
63 6
64 12
70 15
72 10
73 117
74 92
76 56
fl=./elf/./elf/dl-load.c
fn=_dl_dst_count
238 108
241 24
244 24
245 12
264 108
fn=_dl_init_paths
706 13
720 4
725 1
727 3
734 3
735 2
739 4
741 4
747 1
748 1
756 8
758 8
759 4
761 5
762 7
763 4
766 13
767 10
768 18
770 32
776 1
777 1
782 1
785 3
787 4
789 3
806 1
808 3
822 2
825 5
827 23
831 2
832 60
833 14
834 28
836 1
837 1
838 2
844 6
847 3
853 1
857 8
fn=_dl_map_object
682 43
685 4
688 6
691 2
692 1
696 20
1967 156
1969 5
1975 26
1976 52
1979 272
1984 357
1986 255
1990 86
1991 129
1994 110
1995 66
1996 110
2010 20
2011 15
2019 15
2034 5
2036 25
2040 16
2042 8
2049 16
2053 4
2054 4
2058 15
2059 5
2073 20
2074 28
2075 4
2084 8
2099 8
2100 64
2106 12
2107 4
2115 4
2129 8
2131 12
2135 12
2137 8
2141 8
2149 8
2172 36
2176 12
2177 4
2194 8
2200 1
2201 4
2202 2
2203 2
2207 9
2210 3
2222 20
2267 10
2268 88
2270 122
fn=_dl_map_object_from_fd
944 70
959 20
989 95
990 40
1008 10
1036 20
1046 10
1053 40
1054 10
1065 10
1066 15
1067 10
1069 15
1070 20
1071 8
1074 17
1075 6
1086 5
1088 5
1090 110
1091 5
1092 5
1093 5
1094 5
1100 210
1101 507
1107 10
1114 13
1115 15
1116 50
1121 2
1122 1
1127 155
1135 100
1136 130
1137 100
1138 20
1139 40
1141 140
1143 40
1156 40
1157 75
1162 20
1163 205
1176 9
1180 12
1181 3
1185 15
1186 6
1189 3
1194 12
1209 10
1210 5
1213 15
1218 35
1228 95
1229 40
1235 10
1245 20
1252 35
1264 5
1268 20
1269 15
1275 14
1276 10
1278 10
1288 15
1307 15
1309 30
1361 15
1362 6
1368 170
1369 280
1375 80
1380 20
1393 10
1395 20
1397 10
1413 10
1417 10
1418 10
1435 10
1436 1
1439 10
1444 10
1449 10
1461 40
1462 12
1463 27
1464 9
1465 5
1471 10
1472 12
1477 6
1484 15
1487 10
1491 15
1492 15
1510 10
1514 35
1515 20
1519 45
fn=_dl_process_pt_gnu_property
868 18
869 12
870 6
876 12
882 30
885 18
886 12
887 12
890 18
891 18
895 6
896 12
900 18
901 9
904 18
907 9
908 36
918 18
920 24
fn=expand_dynamic_string_token
241 6
244 4
385 20
399 4
410 14
fn=fillin_rpath.isra.0
468 17
472 1
474 12
481 2
483 6
487 2
492 3
493 2
500 5
505 2
509 15
510 8
528 4
532 4
534 2
538 1
539 2
540 4
541 1
543 2
549 4
550 14
551 4
553 2
554 3
555 1
561 2
562 1
565 3
571 1
574 8
fn=open_path
1812 44
1813 8
1816 4
1817 4
1819 8
1822 8
1824 88
1827 8
1831 4
1835 24
1842 24
1843 88
1846 24
1851 66
1854 12
1860 18
1863 48
1865 18
1867 6
1872 6
1873 21
1879 9
1881 26
1882 2
1884 3
1891 38
1893 13
1937 32
1941 4
1943 16
1946 12
1960 36
fn=open_verify.constprop.0
1572 132
1604 33
1609 12
1623 55
1625 22
1633 5
1634 15
1639 30
1641 10
1643 10
1645 10
1651 10
1668 74
1749 10
1754 10
1760 20
1766 10
1772 20
1773 20
1777 16
1778 5
1799 99
fl=./elf/./elf/dl-lookup-direct.c
fn=_dl_lookup_direct
32 15
33 9
35 6
36 6
48 9
51 6
53 21
57 9
58 21
59 15
74 39
76 6
78 21
79 6
81 12
84 25
86 12
93 6
115 3
116 27
fl=./elf/./elf/dl-lookup.c
fn=_dl_lookup_symbol_x
772 24531
774 3774
775 7548
778 1887
782 7510
785 3774
787 3774
791 26498
792 32079
797 9435
799 96
816 1887
817 48
820 3774
821 13081
828 1935
856 7484
870 5613
871 2
873 3742
890 7484
892 16983
fn=check_match
70 28170
73 15024
78 16
86 9365
89 4274
93 1873
94 3746
96 3740
115 3740
116 14960
117 9340
118 4
119 4
144 6
146 18
147 12
150 2
151 7
153 3
161 1870
162 15024
fn=do_lookup_x
170 300
171 307
172 940
174 98
175 294
176 530
179 152
180 152
181 82
182 152
183 70
222 492
224 738
226 164
227 82
228 328
230 2694
231 486
234 352
235 176
254 352
257 95
258 285
259 322
262 1377
269 12
272 4
279 298
280 276
281 350
285 20
286 2
287 2
288 4
289 8
300 3
302 2
305 1
306 1
307 2
310 164
311 492
318 328
329 574
331 164
333 246
334 164
347 26418
348 1887
353 1887
354 1887
358 12076
361 12076
365 15856
386 12074
390 12074
396 18111
400 6037
401 6037
404 30185
405 18111
408 6037
409 12074
411 6037
412 5661
413 12074
415 13209
416 24148
419 42259
422 4070
423 6105
424 4070
426 3992
429 24500
431 5634
432 48248
433 3756
436 5634
439 9106
461 14960
470 1009
472 2
476 3742
483 9900
487 3678
491 1
499 3578
500 1789
501 1871
518 12501
521 16
522 15096
fl=./elf/./elf/dl-minimal-malloc.c
fn=__minimal_calloc
80 85
84 17
87 17
88 51
fn=__minimal_free
97 3
99 12
fn=__minimal_malloc
36 336
37 126
42 3
43 2
44 2
48 167
51 282
56 12
57 12
59 3
60 24
62 6
64 12
65 9
67 8
70 43
71 46
73 252
fl=./elf/./elf/dl-minimal.c
fn=__rtld_malloc_init_real
76 10
86 2
87 1
89 1
91 6
92 5
93 5
94 4
99 1
100 1
101 1
102 1
103 8
fn=__rtld_malloc_init_stubs
42 1
43 2
44 2
45 2
46 2
47 1
fn=lookup_malloc_symbol
61 36
63 4
64 28
68 28
69 28
71 4
72 24
fn=strsep
239 2
242 4
244 2
245 4
247 2
249 47
251 28
254 56
256 84
264 14
267 1
271 4
fl=./elf/./elf/dl-misc.c
fn=_dl_higher_prime_number
87 2
124 2
125 2
127 26
129 80
130 30
131 6
133 7
145 2
146 2
fn=_dl_name_match_p
68 812
69 464
70 20
72 116
74 458
75 665
80 113
82 96
83 464
fn=_dl_sysdep_read_whole_file
36 11
39 3
40 2
42 6
44 2
47 2
49 8
60 3
63 8
fl=./elf/./elf/dl-object.c
fn=_dl_add_to_namespace_list
31 54
33 18
35 53
38 80
40 5
42 5
45 2
46 18
47 12
48 12
50 12
51 30
fn=_dl_new_object
59 90
62 12
64 2
66 3
67 2
71 6
77 2
80 10
83 26
87 10
92 5
95 12
98 6
99 6
100 12
103 12
104 42
106 6
119 28
123 5
125 1
127 42
130 12
131 12
132 6
136 6
139 40
141 20
149 12
150 6
153 1
155 36
157 20
160 14
164 24
168 35
176 1
179 12
189 24
191 20
195 15
199 10
200 10
208 5
212 5
245 20
250 168
251 168
255 10
256 5
259 5
263 54
fl=./elf/./elf/dl-reloc.c
fn=_dl_relocate_object
170 14088
171 6874
174 23203
175 19444
177 1621
178 6482
182 3632
183 1816
184 1816
186 14534
187 9050
188 3620
190 12809
193 1816
194 12712
196 1621
207 88
208 16
220 14
221 21
224 28
226 21
228 7
229 21
251 35
252 14
253 3
255 14
262 21
301 10279
304 35
328 7
331 14
348 21
350 64
356 42
359 14
363 14
364 42
fl=./elf/./elf/dl-runtime.c
fn=_dl_fixup
46 737
48 335
49 201
54 67
55 268
56 469
58 134
63 134
67 134
69 67
71 201
75 201
76 268
77 201
84 67
85 201
95 737
99 335
109 670
124 268
133 201
159 201
163 536
fl=./elf/./elf/dl-setup_hash.c
fn=_dl_setup_hash
25 14
28 21
31 21
32 14
33 7
34 7
36 21
37 7
38 21
40 7
41 14
43 7
45 21
50 7
fl=./elf/./elf/dl-sort-maps.c
fn=_dl_sort_maps
140 64
181 2
182 4
183 52
184 28
211 34
216 4
218 2
219 10
221 44
223 14
226 40
244 8
263 8
276 8
283 2
298 26
306 6
310 18
fn=_dl_sort_maps_init
289 4
290 4
291 1
292 3
293 2
fn=dfs_traversal.part.0
135 126
140 70
143 14
145 42
147 186
156 49
171 42
172 14
173 90
fl=./elf/./elf/dl-tunables.c
fn=__GI___tunable_set_val
72 50
82 5
93 40
94 25
97 10
100 35
104 10
111 10
112 10
115 25
116 5
117 5
118 5
153 30
157 15
fn=__GI___tunables_init
42 230
45 45
48 3066
52 90
56 180
128 1
261 10
267 4
281 7380
283 2
287 13365
304 8
fn=__tunable_get_val
387 80
390 474
399 52
400 15
409 31
416 240
418 40
fl=./elf/./elf/dl-tunables.h
fn=__GI___tunable_set_val
141 10
142 10
151 5
fn=__GI___tunables_init
160 864
161 2103
fl=./elf/./elf/dl-version.c
fn=_dl_check_all_versions
392 7
394 1
396 26
397 7
398 63
401 7
fn=_dl_check_map_versions
36 202
37 53
38 337
56 212
64 159
70 159
86 53
87 106
89 53
94 2127
108 1862
110 53
113 424
120 2634
124 878
155 70
156 7
164 12
170 21
172 35
174 7
175 7
177 14
180 15
184 40
198 7
200 36
208 36
213 36
215 41
217 212
218 388
221 106
224 159
225 5
228 26
231 212
234 159
239 41
243 36
248 7
257 30
260 10
263 551
266 412
270 129
274 18
279 6
280 24
281 18
291 6
294 32
296 12
299 20
301 7
303 36
306 159
308 212
310 265
311 106
312 159
313 159
316 159
321 41
324 36
329 7
334 12
337 10
341 129
343 268
347 129
348 645
349 387
350 129
353 402
357 129
365 10
366 10
367 10
368 4
370 4
372 124
373 60
375 2
376 7
387 63
fl=./elf/./elf/do-rel.h
fn=_dl_relocate_object
49 42
50 42
51 7
53 70
72 8
73 9
80 42
83 3352
85 4448
96 12
97 4
114 36
123 3094
124 2044
126 36
129 40
131 14118
133 17580
134 14064
135 10548
136 14064
138 10548
141 272
142 68
143 68
147 3448
150 10367
151 144
164 24
165 285
166 252
169 204
171 272
172 68
173 136
180 31
182 42
183 12
185 18
193 6
196 18
211 7
fn=_dl_start
49 6
50 4
51 1
53 10
56 4
61 13
63 9
64 6
65 3
fl=./elf/./elf/get-dynamic-info.h
fn=_dl_map_object_from_fd
39 10
43 5
45 567
49 276
51 74
52 37
53 6
54 129
55 109
56 25
59 20
62 20
64 20
68 138
72 20
84 17
85 20
86 20
87 20
88 17
89 19
90 19
91 20
103 40
110 16
115 8
122 8
123 15
129 15
130 6
147 15
152 4
154 4
156 4
158 4
159 4
162 15
164 9
165 6
174 6
175 9
180 6
181 6
184 10
fl=./elf/./elf/libc-dl-profstub.c
fn=_dl_mcount_wrapper_check
36 128
37 384
38 128
fl=./elf/./elf/libc_early_init.c
fn=__libc_early_init
33 9
35 1
38 2
41 2
47 4
49 2
fl=./elf/./elf/rtld.c
fn=_dl_start
85 8
458 2
476 3
477 1
478 2
488 1
494 4
496 2
517 16
543 1
546 2
547 4
563 190
565 1
578 1
585 9
fn=dl_main
85 17
92 12
93 2
101 9
197 2
199 1
224 3
225 5
226 4
296 3
302 1
303 1
837 1
839 1
848 1
850 1
855 1
1115 1
1116 1
1118 1
1122 3
1124 1
1125 1
1140 1
1143 46
1144 117
1148 3
1153 3
1154 9
1163 2
1164 2
1166 1
1173 3
1191 2
1199 8
1200 17
1201 8
1202 1
1204 12
1205 14
1209 8
1210 8
1211 4
1215 12
1243 2
1247 3
1253 28
1254 61
1260 17
1266 4
1269 3
1271 3
1346 13
1351 1
1352 1
1357 1
1373 3
1374 4
1637 10
1639 2
1640 3
1641 2
1642 3
1646 2
1647 2
1672 3
1673 5
1674 3
1675 3
1678 1
1680 1
1681 1
1683 2
1684 2
1688 2
1690 2
1698 4
1705 2
1708 2
1733 4
1735 1
1740 2
1743 4
1744 4
1745 3
1746 1
1747 1
1748 1
1759 2
1760 2
1762 2
1764 1
1765 3
1770 5
1771 5
1773 3
1779 2
1788 2
1792 1
1793 2
1817 2
1823 1
1824 1
1825 1
1829 3
1834 3
1836 1
1838 2
1842 5
1847 2
1863 6
1939 4
1943 19
1944 1
1947 3
1948 1
1949 2
1950 2
1955 3
1965 9
1971 31
1972 18
1975 3
1976 2
1977 1
1979 26
1980 12
1984 2
1990 1
1992 3
1993 2
1995 2
1997 3
1999 3
2000 1
2001 2
2013 2
2014 2
2015 3
2026 5
2027 4
2028 5
2038 2
2039 2
2040 4
2042 2
2047 3
2246 3
2250 3
2256 2
2259 2
2267 2
2279 3
2282 3
2284 3
2285 6
2292 2
2293 30
2295 14
2300 14
2302 16
2304 1
2305 1
2308 7
2310 14
2311 48
2315 20
2316 9
2325 2
2329 4
2331 1
2338 4
2341 2
2345 3
2347 2
2357 1
2362 3
2365 1
2371 1
2372 5
2380 3
2387 1
2390 3
2394 3
2395 1
2396 1
2397 1
2401 1
2406 8
2538 1
2598 1
2600 2
2602 15
2604 2
2606 107
2607 19
2615 13
2640 2
2650 4
2652 2
2653 1
2687 5
2689 2
2690 2
2691 1
2727 5
2749 3
fn=handle_preload_list
183 3
806 1
810 2
811 2
812 1
814 1
816 6
817 3
825 3
869 13
870 3
874 5
877 4
878 3
880 4
881 2
887 1
889 2
891 2
892 1
895 9
fn=init_tls
734 4
736 2
740 3
746 2
749 1
750 1
751 1
755 1
757 1
761 2
762 2
763 18
764 7
765 14
769 9
771 3
773 3
776 2
779 1
786 2
787 2
793 2
797 1
800 5
fn=map_doit
641 6
643 4
644 6
646 3
fn=version_check_doit
674 6
676 6
680 3
fl=./elf/./get-dynamic-info.h
fn=_dl_start
45 75
49 36
51 10
52 5
54 20
55 16
56 5
59 4
62 4
64 4
68 18
72 3
84 4
85 3
86 4
87 4
88 5
89 3
90 4
91 4
103 10
110 3
123 3
129 3
130 3
133 2
134 3
139 5
142 5
fn=dl_main
39 4
43 1
45 115
49 56
51 12
52 6
54 25
55 21
56 5
59 4
62 4
64 4
68 28
72 7
84 3
85 5
86 5
87 5
88 4
89 5
90 5
91 5
103 9
110 3
115 2
122 3
123 4
129 3
147 4
152 2
154 2
156 2
158 2
159 2
162 4
164 3
165 2
174 2
175 3
180 2
181 3
184 3
fl=./elf/./setup-vdso.h
fn=dl_main
24 2
fl=./iconv/./iconv/gconv_simple.c
fn=__gconv_btwoc_ascii
49 128
51 512
54 128
fl=./io/../sysdeps/unix/sysv/linux/access.c
fn=access
25 1
27 7
31 1
fl=./io/../sysdeps/unix/sysv/linux/close_nocancel.c
fn=__GI___close_nocancel
25 6
26 24
27 6
fl=./io/../sysdeps/unix/sysv/linux/fstat64.c
fn=fstat
30 6
39 24
72 6
fl=./io/../sysdeps/unix/sysv/linux/fstatat64.c
fn=fstatat
91 6
146 6
160 4
161 11
162 1
fl=./io/../sysdeps/unix/sysv/linux/open64_nocancel.c
fn=__open_nocancel
28 48
31 84
39 102
41 24
fl=./io/../sysdeps/unix/sysv/linux/pread64_nocancel.c
fn=__pread64_nocancel
25 4
26 8
27 2
fl=./io/../sysdeps/unix/sysv/linux/read_nocancel.c
fn=__read_nocancel
25 5
26 20
27 5
fl=./io/../sysdeps/unix/sysv/linux/stat64.c
fn=stat
28 6
29 12
fl=./io/../sysdeps/unix/sysv/linux/write.c
fn=write
25 2
26 12
27 2
fl=./libio/../include/printf_buffer.h
fn=vsnprintf
124 6
127 2
128 2
137 4
fl=./libio/./libio/fileops.c
fn=_IO_do_write@@GLIBC_2.2.5
424 2
426 6
427 2
fn=_IO_file_overflow@@GLIBC_2.2.5
732 16
733 8
740 8
743 2
745 2
746 6
755 3
764 3
765 1
766 1
767 1
768 1
769 3
771 3
772 5
773 2
775 4
776 4
777 3
788 10
fn=_IO_file_sync@@GLIBC_2.2.5
793 98
798 56
800 14
801 28
812 28
816 70
fn=_IO_file_write@@GLIBC_2.2.5
1174 16
1175 4
1176 12
1180 6
1181 6
1182 4
1187 2
1188 2
1190 6
1191 6
1194 12
fn=_IO_file_xsputn@@GLIBC_2.2.5
434 4
441 8
444 2
446 4
449 12
450 12
452 6
453 4
454 2
455 4
456 8
1198 18
1200 2
1204 8
1205 2
1211 8
1213 4
1228 6
1244 12
1250 4
1251 6
1253 4
1256 4
1257 4
1264 4
1268 18
fl=./libio/./libio/genops.c
fn=_IO_cleanup
776 6
777 10
780 13
784 3
785 36
792 7
794 6
814 3
816 29
817 3
821 7
822 2
842 12
843 2
855 12
fn=_IO_doallocbuf
330 1
332 1
333 1
337 2
343 8
344 2
346 6
349 2
350 6
fn=_IO_flush_all
686 12
687 3
691 6
692 9
695 12
697 3
698 36
700 21
708 33
709 3
713 7
714 2
718 12
fl=./libio/./libio/iofflush.c
fn=fflush
32 84
33 28
39 168
40 70
44 70
fl=./libio/./libio/iofwrite.c
fn=fwrite
31 18
32 4
35 12
37 28
38 9
39 14
45 8
46 2
49 18
fl=./libio/./libio/libioP.h
fn=_IO_cleanup
1025 1
fn=_IO_file_xsputn@@GLIBC_2.2.5
1025 10
1026 8
fn=_IO_flush_all
1025 2
fn=fflush
979 28
980 112
1025 42
1026 28
fn=fwrite
979 4
980 18
1025 4
1026 4
fl=./libio/./libio/vsnprintf.c
fn=vsnprintf
63 4
66 2
75 6
76 2
87 4
96 8
102 22
104 12
fl=./libio/./libio/vtables.c
fn=check_stdfiles_vtables
545 1
546 4
547 3
548 3
550 1
fl=./locale/./locale/newlocale.c
fn=newlocale
43 15
55 2
56 1
63 2
66 3
73 4
75 1
277 12
fl=./locale/./locale/uselocale.c
fn=uselocale
30 2
31 6
33 4
36 4
37 2
65 6
66 6
68 6
72 6
73 2
fl=./malloc/../string/bits/string_fortified.h
fn=tcache_init.part.0
59 88
fl=./malloc/../sysdeps/unix/sysv/linux/not-cancel.h
fn=ptmalloc_init.part.0
97 6
fl=./malloc/./malloc/arena.c
fn=free
153 96027
fn=malloc
153 64020
264 1
fn=ptmalloc_init.part.0
262 8
267 1
292 2
296 3
300 4
301 4
302 4
303 4
304 4
305 4
306 4
308 4
309 4
310 4
313 4
314 4
316 2
326 8
fl=./malloc/./malloc/malloc.c
fn=_int_free
1792 33000
3163 4
3165 8
3166 2
3167 4
4495 231014
4499 99006
4505 132008
4506 66004
4510 165010
4517 66004
4518 198012
4521 2
4527 6
4547 10
4550 2
4561 66000
4637 66000
4640 66000
4643 66000
4646 66000
4658 165012
fn=_int_free_maybe_consolidate
4770 363000
4776 66000
4778 120068
4781 90051
4784 150085
4785 75055
4798 302956
fn=_int_free_merge_chunk
1992 99000
4665 264000
4666 33000
4670 198000
4673 66000
4678 99000
4681 66000
4682 66000
4683 66000
4689 66000
4691 30015
4692 30015
4693 30015
4694 120060
4696 60030
4701 99000
4702 231000
4714 66000
4720 65994
4721 3970
4722 3970
4724 31012
4732 32997
4733 131988
4734 65994
4736 32997
4738 65994
4740 98991
4743 32997
4744 32997
4746 98991
4747 32997
4756 3
4757 9
4758 6
fn=_int_malloc
1326 64022
1345 192066
1794 32011
1985 47997
2008 180
2017 2
2552 6228
2553 1037
2564 2076
2565 3
2568 4
2576 6
2577 2
2589 4148
2590 2074
2599 12436
2605 3108
2608 3111
2669 3111
2677 2074
2678 135
2691 3111
2693 1037
2699 5185
2707 2074
2709 4148
2710 3111
2711 44
2712 1037
2715 2074
2727 2979
2728 993
2732 6951
2734 1986
2738 1986
2742 1986
2744 2290
2745 1
2746 3067
2752 1345
2753 258
2755 1990
2782 995
2783 1
2795 3
2814 2
2817 2
2818 6
2820 1
2821 6
2833 5
2847 1986
2866 1986
2873 994
2875 994
2876 4970
2877 994
2888 2982
2895 1986
2896 2979
2904 993
2906 993
2911 1986
2913 4965
2921 3111
2922 1037
2926 1037
2930 5185
2932 1037
2933 1037
2934 1037
2935 7259
2936 2074
2938 1037
3846 352121
3882 1
3887 64022
3914 64022
3916 4
3919 1
3921 2
3930 3
3977 64020
3979 8
3980 4
3982 6
4039 640194
4040 96027
4058 96031
4059 96033
4060 96033
4069 33982
4070 213999
4072 17984
4073 35968
4074 17984
4076 35968
4077 53952
4079 17984
4080 71936
4082 71936
4084 35968
4085 35968
4087 35968
4098 71936
4099 2
4121 3
4127 17984
4128 17984
4132 35968
4134 6
4135 9
4140 6
4161 35962
4169 457678
4170 43038
4171 17981
4174 35962
4177 10905
4179 43620
4180 21810
4186 31732
4187 7933
4188 23799
4192 8916
4193 9906
4195 1981
4196 5943
4199 2972
4202 5944
4212 2972
4213 5944
4218 28304
4221 125867
4222 17981
4223 17981
4224 17981
4225 17981
4230 35962
4231 35962
4240 71924
4246 33976
4257 96024
4259 128024
4262 96018
4263 32008
4330 32008
4331 64016
4332 64016
4333 64016
4334 192048
4339 127925
4343 48052
4346 20
4348 4
4349 2
4353 164160
4355 62112
4357 124224
4361 19968
4364 39936
4366 19860
4367 3972
4368 3972
4373 63984
4376 31992
4378 47988
4381 47988
4384 63984
4394 15996
4399 63984
4400 31992
4403 15996
4404 15996
4405 15996
4408 31992
4409 1
4410 31992
4412 31992
4415 127968
4417 47988
4418 15996
4421 15996
4443 16012
4444 32024
4446 32024
4449 48036
4451 14974
4452 29948
4453 14974
4454 119792
4456 29948
4459 29948
4460 48036
4461 16012
4466 4152
4482 1039
4487 384132
fn=alloc_perturb
1985 48036
1987 16012
fn=free
3359 224070
3363 64020
3371 64020
3373 32010
3375 96030
3379 3
3381 4
3383 2
3384 2
3385 1
3388 2
3392 96027
3398 96027
3401 32010
3402 192060
fn=malloc
1326 64022
1345 160055
3178 2
3182 2
3186 4
3190 2
3191 1
3248 4
3294 256088
3301 64022
3311 64022
3313 128044
3316 64022
3318 6
3326 64020
3328 128040
3329 160050
3354 192066
fn=munmap_chunk
3024 2
3025 2
3026 3
3028 2
3030 1
3031 3
3032 1
3038 4
3039 5
3042 1
3043 3
3048 2
3049 1
fn=ptmalloc_init.part.0
1946 385
1949 381
1957 1
1958 1
1960 1
3143 2
fn=sysmalloc_mmap.isra.0
2008 4
2400 6
2413 3
2418 2
2421 10
2424 2
2428 2
2432 4
2448 3
2466 1
2467 3
2471 3
2472 5
2475 3
2476 5
2481 7
fn=sysmalloc_mmap_fallback.constprop.0
2008 3972
2490 10923
2494 993
2497 2979
2498 5
2501 1986
2502 1986
2505 1986
2506 993
2508 8937
2511 1986
2515 1986
2519 3972
2524 993
2526 993
2528 8937
fn=systrim.constprop.0
2957 90066
2966 45033
2968 15011
2969 30022
2970 15011
2974 45033
2975 15011
2978 75055
2980 30022
2987 45033
2988 60044
3020 90066
fn=tcache_init.part.0
3242 4
3251 8
3252 3
3253 2
3261 4
3270 2
3274 3
fn=unlink_chunk.isra.0
1608 95992
1610 239980
1613 95994
1614 95992
1616 191984
1619 47996
1620 47996
1621 239980
1623 30020
1624 45030
1627 30020
1629 4
1630 2
1641 15008
1642 15008
1645 95992
fl=./malloc/./malloc/morecore.c
fn=__glibc_morecore
25 48147
26 32098
27 993
29 16049
30 32098
34 32098
fl=./malloc/./malloc/scratch_buffer_set_array_size.c
fn=__libc_scratch_buffer_set_array_size
30 65
34 5
35 10
45 10
46 5
63 30
fl=./math/../sysdeps/x86_64/fpu/multiarch/e_asin.c
fn=__acos_finite@GLIBC_2.15
35 1
fn=__asin_finite@GLIBC_2.15
27 2
fl=./math/../sysdeps/x86_64/fpu/multiarch/e_atan2.c
fn=__atan2_finite@GLIBC_2.15
26 2
fl=./math/../sysdeps/x86_64/fpu/multiarch/e_exp.c
fn=__exp_finite@GLIBC_2.15
27 2
fl=./math/../sysdeps/x86_64/fpu/multiarch/e_exp2f.c
fn=exp2f@@GLIBC_2.27
27 2
fl=./math/../sysdeps/x86_64/fpu/multiarch/e_expf.c
fn=expf@@GLIBC_2.27
27 2
fl=./math/../sysdeps/x86_64/fpu/multiarch/e_log.c
fn=__log_finite@GLIBC_2.15
27 2
fl=./math/../sysdeps/x86_64/fpu/multiarch/e_log2.c
fn=log2@@GLIBC_2.29
27 2
fl=./math/../sysdeps/x86_64/fpu/multiarch/e_log2f.c
fn=log2f@@GLIBC_2.27
27 2
fl=./math/../sysdeps/x86_64/fpu/multiarch/e_logf.c
fn=logf@@GLIBC_2.27
27 2
fl=./math/../sysdeps/x86_64/fpu/multiarch/e_pow.c
fn=__pow_finite@GLIBC_2.15
27 2
fl=./math/../sysdeps/x86_64/fpu/multiarch/e_powf.c
fn=powf@@GLIBC_2.27
30 1
fl=./math/../sysdeps/x86_64/fpu/multiarch/ifunc-avx-fma4.h
fn=__atan2_finite@GLIBC_2.15
32 5
33 2
fn=__exp_finite@GLIBC_2.15
32 5
33 2
fn=__log_finite@GLIBC_2.15
32 5
33 2
fn=cos
32 5
33 2
fn=sin
32 5
33 2
fl=./math/../sysdeps/x86_64/fpu/multiarch/ifunc-fma.h
fn=__log1p
29 4
30 3
fn=cosf
29 4
30 3
fn=exp2f@@GLIBC_2.27
29 4
30 3
fn=expf@@GLIBC_2.27
29 4
30 3
fn=expm1
29 4
30 3
fn=log2@@GLIBC_2.29
29 4
30 3
fn=log2f@@GLIBC_2.27
29 4
30 3
fn=logf@@GLIBC_2.27
29 4
30 3
fn=powf@@GLIBC_2.27
29 4
30 4
fn=sincosf
29 4
30 3
fn=sinf
29 4
30 3
fl=./math/../sysdeps/x86_64/fpu/multiarch/ifunc-fma4.h
fn=__acos_finite@GLIBC_2.15
31 4
32 2
35 1
fn=__asin_finite@GLIBC_2.15
31 4
32 2
fn=__pow_finite@GLIBC_2.15
31 4
32 2
fn=sincos
31 4
32 2
fl=./math/../sysdeps/x86_64/fpu/multiarch/s_cosf.c
fn=cosf
26 2
fl=./math/../sysdeps/x86_64/fpu/multiarch/s_expm1.c
fn=expm1
26 2
fl=./math/../sysdeps/x86_64/fpu/multiarch/s_fma.c
fn=fma
49 6
fl=./math/../sysdeps/x86_64/fpu/multiarch/s_log1p.c
fn=__log1p
26 2
fl=./math/../sysdeps/x86_64/fpu/multiarch/s_sin.c
fn=cos
34 2
fn=sin
27 2
fl=./math/../sysdeps/x86_64/fpu/multiarch/s_sincos.c
fn=sincos
26 2
fl=./math/../sysdeps/x86_64/fpu/multiarch/s_sincosf.c
fn=sincosf
26 2
fl=./math/../sysdeps/x86_64/fpu/multiarch/s_sinf.c
fn=sinf
26 2
fl=./misc/../sysdeps/unix/syscall-template.S
fn=mprotect
117 35
122 7
fn=munmap
117 10
122 2
fl=./misc/../sysdeps/unix/sysv/linux/brk.c
fn=brk
36 1038
37 2076
38 2076
40 1986
41 1986
44 45
45 45
fl=./misc/../sysdeps/unix/sysv/linux/brk_call.h
fn=brk
24 2076
fl=./misc/../sysdeps/unix/sysv/linux/mmap64.c
fn=mmap
47 7140
50 2040
53 7065
58 6120
60 4080
fl=./misc/../sysdeps/unix/sysv/linux/setvmaname.c
fn=__set_vma_name
33 6970
35 4981
40 14
47 2
48 1
49 8955
fl=./misc/./misc/init-misc.c
fn=__init_misc
30 5
31 6
33 3
37 5
38 3
40 4
fl=./misc/./misc/sbrk.c
fn=sbrk
37 128392
40 32098
43 32098
50 993
58 32098
59 4
62 32098
63 2
66 4148
74 3111
78 112343
fl=./nptl/../sysdeps/nptl/futex-internal.h
fn=__pthread_once_slow
209 8
fl=./nptl/../sysdeps/unix/sysv/linux/x86/elision-conf.c
fn=__lll_elision_init
92 8
96 5
98 4
100 4
102 4
104 4
107 3
108 1
109 6
fl=./nptl/./nptl/alloca_cutoff.c
fn=__libc_alloca_cutoff
27 2
28 18
35 2
fl=./nptl/./nptl/cleanup_compat.c
fn=_pthread_cleanup_pop@@GLIBC_2.34
40 1
43 2
47 2
49 1
fn=_pthread_cleanup_push@@GLIBC_2.34
25 1
28 1
29 1
30 2
32 1
33 1
fl=./nptl/./nptl/libc-cleanup.c
fn=__libc_cleanup_pop_restore
54 2
55 2
57 4
59 2
60 6
71 2
fn=__libc_cleanup_push_defer
24 2
25 2
27 4
29 4
32 4
46 6
48 2
49 2
fl=./nptl/./nptl/pthread_mutex_conf.c
fn=__pthread_tunables_init
55 8
56 5
58 4
60 4
62 6
fl=./nptl/./nptl/pthread_mutex_lock.c
fn=pthread_mutex_lock@@GLIBC_2.2.5
44 1
45 7
46 1
77 5
80 3
82 1
84 2
88 2
97 2
108 4
112 1
115 2
124 1
130 3
131 2
179 1
182 1
184 1
187 1
190 3
fl=./nptl/./nptl/pthread_mutex_unlock.c
fn=pthread_mutex_unlock@@GLIBC_2.2.5
39 1
40 4
41 1
51 3
52 2
57 2
62 1
65 1
70 1
72 1
74 2
80 4
84 3
87 2
367 4
369 2
fl=./nptl/./nptl/pthread_once.c
fn=__pthread_once_slow
68 11
76 1
80 2
88 2
92 2
101 4
114 13
116 1
118 3
124 1
132 10
fn=pthread_once@@GLIBC_2.34
136 14
139 14
140 28
143 1
144 26
fl=./posix/../malloc/dynarray-skeleton.c
fn=__unregister_atfork
243 5
fl=./posix/../sysdeps/unix/sysv/linux/_exit.c
fn=_Exit
27 2
30 4
fl=./posix/./posix/register-atfork.c
fn=__unregister_atfork
71 10
82 30
83 20
109 20
110 15
fl=./resource/../sysdeps/unix/sysv/linux/getrlimit64.c
fn=getrlimit
38 2
39 7
40 1
fl=./setjmp/../sysdeps/x86_64/bsd-_setjmp.S
fn=_setjmp
28 1
30 1
32 1
fl=./setjmp/../sysdeps/x86_64/setjmp.S
fn=__sigsetjmp
31 14
33 14
42 14
43 28
44 14
48 14
49 14
50 14
51 14
52 14
54 28
56 14
57 14
58 14
60 28
62 14
67 1
68 1
70 13
73 13
74 13
81 13
82 13
85 1
fl=./setjmp/./setjmp/sigjmp.c
fn=__sigjmp_save
28 6
29 1
30 2
34 4
fl=./stdio-common/../include/../locale/localeinfo.h
fn=__printf_fp_l_buffer
331 6
fl=./stdio-common/../include/printf_buffer.h
fn=__printf_fp_buffer_1.isra.0
148 3
149 3
163 12
fl=./stdio-common/../include/rounding-mode.h
fn=__printf_fp_buffer_1.isra.0
52 6
58 2
fl=./stdio-common/../string/bits/string_fortified.h
fn=__printf_buffer_write
29 6
fn=__printf_fp_buffer_1.isra.0
29 8
fl=./stdio-common/../sysdeps/generic/get-rounding-mode.h
fn=__printf_fp_buffer_1.isra.0
94 2
95 14
fl=./stdio-common/../sysdeps/pthread/allocalim.h
fn=__printf_fp_buffer_1.isra.0
27 4
29 10
fl=./stdio-common/./stdio-common/Xprintf_buffer_done.c
fn=__printf_buffer_done
25 2
26 6
31 4
33 24
40 2
fl=./stdio-common/./stdio-common/Xprintf_buffer_write.c
fn=__printf_buffer_write
27 48
28 18
31 20
33 10
36 2
37 4
40 6
41 2
44 36
fl=./stdio-common/./stdio-common/printf-parse.h
fn=__printf_buffer
82 18
fl=./stdio-common/./stdio-common/printf_fp.c
fn=__printf_fp_buffer_1.isra.0
91 36
93 36
95 24
101 24
105 84
107 48
108 12
110 24
111 60
118 12
122 36
123 24
124 40
138 36
159 16
177 2
187 2
221 4
222 2
226 6
230 34
234 2
266 10
267 2
268 4
271 34
272 32
273 32
279 2
280 4
283 2
293 2
294 14
297 6
301 8
305 8
306 2
308 12
309 18
310 4
311 14
313 4
318 26
322 154
324 16
327 6
337 6
368 4
369 8
375 24
377 4
380 8
381 8
382 12
385 50
388 8
389 8
390 10
391 8
394 26
396 52
397 4
403 8
407 24
411 8
413 4
439 4
442 16
458 8
460 6
461 12
463 12
477 4
665 6
674 12
676 4
680 4
686 4
688 4
689 8
692 6
694 18
696 4
738 8
746 6
759 34
760 4
763 6
766 50
769 30
771 2
773 12
775 6
787 2
788 10
789 18
790 32
792 12
793 12
794 36
795 24
796 9
805 10
806 8
808 14
809 2
810 12
813 4
830 2
834 2
835 5
840 3
842 2
844 2
855 2
924 9
931 2
935 6
980 14
983 4
987 8
988 2
991 6
994 7
996 16
999 6
1001 3
1003 2
1006 7
1009 6
1022 8
1024 6
1028 6
1030 22
fn=__printf_fp_l_buffer
1099 38
1102 6
1111 2
1112 4
1115 10
1116 10
1117 6
1122 14
1126 2
1147 22
fn=hack_digit
88 60
91 36
93 36
95 24
101 24
105 84
107 48
108 12
110 24
111 72
118 24
122 48
123 24
124 45
128 60
fl=./stdio-common/./stdio-common/vfprintf-internal.c
fn=__printf_buffer
263 6
264 6
266 2
600 30
627 10
631 2
634 2
638 8
642 2
653 6
654 4
655 6
659 4
663 16
683 2
684 2
685 2
686 2
687 2
690 4
691 2
692 2
693 2
694 2
695 2
698 2
699 2
705 28
744 4
891 4
973 10
976 68
996 22
997 4
1001 2
1018 2
1024 2
1028 6
1029 4
1031 4
1044 22
fl=./stdlib/../sysdeps/ieee754/dbl-64/dbl2mpn.c
fn=__mpn_extract_double
33 6
35 2
37 6
38 10
47 6
56 6
103 4
107 4
fl=./stdlib/../sysdeps/x86_64/lshift.S
fn=__mpn_lshift
28 2
29 2
30 2
32 2
33 2
34 2
46 2
47 2
48 2
49 2
50 2
51 2
52 2
58 2
59 2
60 2
fl=./stdlib/../sysdeps/x86_64/mul_1.S
fn=__mpn_mul_1
31 28
32 28
35 28
36 28
37 28
38 28
39 28
41 28
42 28
44 28
45 28
46 28
47 28
48 24
50 24
51 24
52 24
53 24
79 4
80 4
81 4
82 4
83 4
84 4
85 4
86 4
87 4
113 4
114 4
115 4
117 4
118 4
119 4
120 4
121 4
122 28
124 28
127 28
fl=./stdlib/../sysdeps/x86_64/rshift.S
fn=__mpn_rshift
28 4
29 4
30 4
31 4
44 4
45 4
61 4
62 4
63 4
64 4
65 4
66 4
67 4
72 4
73 4
74 4
75 4
76 4
fl=./stdlib/./stdlib/cmp.c
fn=__mpn_cmp
31 6
35 12
37 6
38 6
39 12
47 30
fl=./stdlib/./stdlib/cxa_atexit.c
fn=__cxa_atexit
41 30
43 120
44 30
46 30
52 45
53 15
54 15
55 15
56 15
57 60
58 15
67 105
69 90
fn=__new_exitfn
80 75
81 15
86 30
91 94
93 60
94 70
101 1
104 28
122 1
123 1
129 42
130 28
134 1
136 15
137 15
141 75
fl=./stdlib/./stdlib/cxa_finalize.c
fn=__cxa_finalize
30 50
33 35
36 35
40 196
41 132
43 22
45 11
76 11
78 33
81 44
82 33
83 44
87 33
93 35
97 30
105 10
106 20
107 40
fl=./stdlib/./stdlib/cxa_thread_atexit_impl.c
fn=__call_tls_dtors
148 5
149 4
165 4
fl=./stdlib/./stdlib/divrem.c
fn=__mpn_divrem
46 336
47 24
49 48
62 24
63 24
65 48
72 205
73 57
76 48
79 24
81 24
234 216
fl=./stdlib/./stdlib/exit.c
fn=__run_exit_handlers
38 12
40 2
41 2
43 5
54 2
56 2
60 1
64 48
66 30
67 15
69 127
94 2
101 4
102 4
103 4
104 12
107 16
108 12
109 16
113 12
119 3
120 2
126 4
128 2
129 2
131 2
fn=exit
137 3
138 4
fl=./stdlib/./stdlib/getenv.c
fn=getenv
24 9
25 8
28 2
29 183
31 90
32 36
37 9
fl=./stdlib/./stdlib/mul.c
fn=__mpn_mul
48 68
54 8
66 8
71 4
72 8
81 16
83 4
84 4
88 8
141 4
142 44
fl=./stdlib/./stdlib/secure-getenv.c
fn=secure_getenv
28 1
29 5
fl=./string/../include/rtld-malloc.h
fn=strdup
56 12
fl=./string/../string/strcspn.c
fn=strcspn
32 6
33 3
34 2
39 6
40 4
41 4
42 4
44 1
47 9
48 6
51 4
52 4
53 4
54 4
56 3
61 12
62 24
63 24
64 24
65 12
67 72
69 1
70 4
71 3
fl=./string/../sysdeps/x86/cacheinfo.c
fn=__x86_cacheinfo
86 1
fl=./string/../sysdeps/x86/cacheinfo.h
fn=__x86_cacheinfo
59 1
62 3
64 3
65 1
71 3
73 3
74 1
78 2
80 2
81 2
82 2
84 2
86 2
fl=./string/../sysdeps/x86_64/multiarch/../multiarch/memcmp-sse2.S
fn=bcmp
59 1
71 1
72 1
94 1
95 1
140 1
141 1
143 1
144 1
146 1
147 1
149 1
150 1
197 1
198 1
199 1
200 1
201 1
202 1
fl=./string/../sysdeps/x86_64/multiarch/../multiarch/memset-vec-unaligned-erms.S
fn=memset
132 12
133 60
138 12
139 12
142 5
143 5
145 1
146 1
147 1
244 4
245 4
257 4
260 4
261 4
273 4
274 4
287 4
288 4
290 4
293 3
296 6
299 93
300 93
301 93
302 93
303 93
304 93
305 93
308 4
309 4
310 4
311 4
316 4
350 7
352 7
353 7
392 7
393 7
395 7
fl=./string/../sysdeps/x86_64/multiarch/../multiarch/strchr-sse2.S
fn=index
32 28
33 28
34 28
35 28
36 28
37 28
38 28
39 28
40 28
41 28
42 28
43 28
44 28
45 28
46 28
47 28
48 28
49 28
50 23
54 23
55 23
56 23
57 23
59 23
63 5
64 5
65 5
66 5
67 5
68 5
69 5
70 5
71 5
72 5
73 5
74 5
75 5
76 5
77 5
78 5
79 5
80 5
81 5
82 5
83 5
84 5
85 5
86 5
138 5
142 5
143 5
144 5
145 5
147 5
fl=./string/../sysdeps/x86_64/multiarch/../multiarch/strcmp-sse2.S
fn=strcmp
98 2295
131 2295
132 2295
134 2295
135 2295
156 2295
157 2295
158 2152
159 2152
160 2046
161 2046
162 2046
163 2046
180 2046
181 2046
182 2046
183 2046
184 2046
185 2046
186 2046
191 26
192 78
201 275
202 275
203 275
204 275
205 275
206 275
207 275
208 275
209 195
210 102
211 102
212 102
214 195
215 195
216 195
217 195
218 195
219 195
229 80
230 80
231 80
233 80
239 80
240 80
241 80
242 80
243 80
248 80
250 73
251 73
252 146
260 73
261 73
264 73
265 73
266 73
267 73
268 73
269 73
275 1
276 1
277 1
280 1
281 1
282 1
283 1
284 1
285 1
300 6
301 6
302 6
303 6
304 6
306 6
307 6
308 6
309 6
310 6
311 6
312 6
313 6
316 6
317 6
318 6
324 6
325 6
326 12
330 6
331 6
334 6
335 6
336 6
338 6
339 6
340 6
344 6
345 6
346 6
347 6
348 6
349 6
424 7
425 7
426 7
427 7
428 7
430 7
431 7
432 7
433 7
434 7
435 7
436 7
542 3
543 3
544 3
545 3
546 3
548 3
549 3
550 3
551 3
552 3
553 3
554 3
555 1
559 1
560 1
561 1
567 1
568 1
569 2
573 1
574 1
577 1
578 1
579 1
581 1
582 1
583 1
587 1
588 1
589 1
590 1
591 1
592 1
599 1
600 1
602 1
603 1
605 1
606 1
607 1
609 1
610 1
611 1
615 1
616 1
617 1
618 1
619 1
620 1
661 1
662 1
663 1
664 1
665 1
667 1
668 1
669 1
670 1
671 1
672 1
673 1
780 3
781 3
782 3
783 3
784 3
786 3
787 3
788 3
789 3
790 3
791 3
792 3
793 2
797 2
798 2
799 2
805 2
806 2
807 4
811 2
812 2
815 2
816 2
817 2
819 2
820 2
821 2
825 2
826 2
827 2
828 2
829 2
830 2
837 1
838 1
840 1
841 1
843 1
844 1
845 1
847 1
848 1
849 1
853 1
854 1
855 1
856 1
857 1
858 1
899 4
900 4
901 4
902 4
903 4
905 4
906 4
907 4
908 4
909 4
910 4
911 4
912 3
916 3
917 3
918 3
924 3
925 3
926 6
930 5
931 5
934 5
935 5
936 5
938 5
939 5
940 5
944 5
945 5
946 5
947 5
948 5
949 5
956 3
957 3
959 3
960 3
962 3
963 3
964 3
966 3
967 3
968 3
972 3
973 3
974 3
975 3
976 3
977 3
984 2
985 2
986 2
1018 8
1019 8
1020 8
1021 8
1022 8
1024 8
1025 8
1026 8
1027 8
1028 8
1029 8
1030 8
1031 6
1035 6
1036 6
1037 6
1043 6
1044 6
1045 12
1049 6
1050 6
1053 6
1054 6
1055 6
1057 6
1058 6
1059 6
1063 6
1064 6
1065 6
1066 6
1067 6
1068 6
1137 14
1138 14
1139 14
1140 14
1141 14
1143 14
1144 14
1145 14
1146 14
1147 14
1148 14
1149 14
1150 3
1154 3
1155 3
1156 3
1162 3
1163 3
1164 6
1168 3
1169 3
1172 3
1173 3
1174 3
1176 3
1177 3
1178 3
1182 3
1183 3
1184 3
1185 3
1186 3
1187 3
1256 20
1257 20
1258 20
1259 20
1260 20
1262 20
1263 20
1264 20
1265 20
1266 20
1267 20
1268 20
1269 6
1273 6
1274 6
1275 6
1281 6
1282 6
1283 12
1287 8
1288 8
1291 8
1292 8
1293 8
1295 8
1296 8
1297 8
1301 8
1302 8
1303 8
1304 8
1305 8
1306 8
1313 3
1314 3
1316 3
1317 3
1319 3
1320 3
1321 3
1323 3
1324 3
1325 3
1329 3
1330 3
1331 3
1332 3
1333 3
1334 3
1341 2
1342 2
1343 2
1375 23
1376 23
1377 23
1378 23
1379 23
1381 23
1382 23
1383 23
1384 23
1385 23
1386 23
1387 23
1388 12
1392 12
1393 12
1394 12
1400 12
1401 12
1402 24
1406 12
1407 12
1410 12
1411 12
1412 12
1414 12
1415 12
1416 12
1420 12
1421 12
1422 12
1423 12
1424 12
1425 12
1494 21
1495 21
1496 21
1497 21
1498 21
1500 21
1501 21
1502 21
1503 21
1504 21
1505 21
1506 21
1507 7
1511 7
1512 7
1513 7
1519 7
1520 7
1521 14
1525 7
1526 7
1529 7
1530 7
1531 7
1533 7
1534 7
1535 7
1539 7
1540 7
1541 7
1542 7
1543 7
1544 7
1613 25
1614 25
1615 25
1616 25
1617 25
1619 25
1620 25
1621 25
1622 25
1623 25
1624 25
1625 25
1626 5
1630 5
1631 5
1632 5
1638 5
1639 5
1640 10
1644 5
1645 5
1648 5
1649 5
1650 5
1652 5
1653 5
1654 5
1658 5
1659 5
1660 5
1661 5
1662 5
1663 5
1670 2
1671 2
1673 2
1674 2
1676 2
1677 2
1678 2
1680 2
1681 2
1682 2
1686 2
1687 2
1688 2
1689 2
1690 2
1691 2
1732 19
1733 19
1734 19
1735 19
1736 19
1738 19
1739 19
1740 19
1741 19
1742 19
1743 19
1744 19
1745 13
1749 13
1750 13
1751 13
1757 13
1758 13
1759 26
1763 14
1764 14
1767 14
1768 14
1769 14
1771 14
1772 14
1773 14
1777 14
1778 14
1779 14
1780 14
1781 14
1782 14
1789 3
1790 3
1792 3
1793 3
1795 3
1796 3
1797 3
1799 3
1800 3
1801 3
1805 3
1806 3
1807 3
1808 3
1809 3
1810 3
1817 1
1818 1
1819 1
1851 18
1852 18
1853 18
1854 18
1855 18
1857 18
1858 18
1859 18
1860 18
1861 18
1862 18
1863 18
1864 12
1868 12
1869 12
1870 12
1876 12
1877 12
1878 24
1882 12
1883 12
1886 12
1887 12
1888 12
1890 12
1891 12
1892 12
1896 12
1897 12
1898 12
1899 12
1900 12
1901 12
1970 23
1971 23
1972 23
1973 23
1974 23
1976 23
1977 23
1978 23
1979 23
1980 23
1981 23
1982 23
1984 7
1988 7
1989 7
1990 7
1996 7
1997 7
1999 14
2003 7
2004 7
2007 7
2008 7
2009 7
2011 7
2012 7
2013 7
2017 7
2018 7
2019 7
2020 7
2021 7
2022 7
2093 156
2095 275
2096 275
2097 275
2098 275
2099 204
2104 2295
2110 2295
2111 2295
2119 2295
2120 2295
fn=strncmp
98 1
125 1
126 1
127 1
128 1
129 1
131 1
132 1
134 1
135 1
156 1
157 1
158 1
159 1
160 1
161 1
162 1
163 1
180 1
181 1
182 1
183 1
184 1
185 1
186 1
2104 1
2107 1
2108 1
2110 1
2111 1
2119 1
2120 1
fl=./string/../sysdeps/x86_64/multiarch/../multiarch/strlen-sse2.S
fn=strlen
57 30
101 30
102 30
103 30
104 30
105 30
106 30
107 30
109 30
111 30
142 29
143 29
144 29
145 29
146 29
147 15
149 15
153 14
154 14
155 14
156 14
157 14
158 14
159 14
160 14
161 14
162 14
163 14
164 14
169 112
173 1
174 14
175 6
190 1
191 1
192 2
243 1
244 1
245 1
246 1
247 1
248 1
249 1
250 1
266 1
268 1
269 14
271 1
272 1
273 1
275 1
fl=./string/../sysdeps/x86_64/multiarch/ifunc-avx2.h
fn=memrchr
38 4
40 3
41 2
42 3
45 2
46 2
49 3
52 6
fn=rindex
38 4
40 3
41 2
42 3
45 2
46 2
49 3
52 6
fn=strchrnul
38 4
40 3
41 2
42 3
45 2
46 2
49 3
52 6
fn=strlen
38 8
40 6
41 4
42 6
45 4
46 4
49 6
52 12
fn=strnlen
38 8
40 6
41 4
42 6
45 4
46 4
49 6
52 12
fl=./string/../sysdeps/x86_64/multiarch/ifunc-evex.h
fn=memchr
37 4
38 3
39 3
42 2
43 2
45 2
51 3
54 4
fl=./string/../sysdeps/x86_64/multiarch/ifunc-memcmp.h
fn=bcmp
34 5
35 2
36 2
37 3
40 2
41 2
44 3
47 4
fl=./string/../sysdeps/x86_64/multiarch/ifunc-memmove.h
fn=memcpy@@GLIBC_2.14
56 4
57 6
60 6
61 4
74 4
77 4
85 4
93 4
96 10
fn=memmove
56 4
57 6
60 6
61 4
74 4
77 4
85 4
93 4
96 10
fn=mempcpy
56 2
57 3
60 3
61 2
74 2
77 2
85 2
93 2
96 5
fl=./string/../sysdeps/x86_64/multiarch/ifunc-memset.h
fn=memset
54 5
57 3
58 2
64 2
73 2
75 2
85 2
93 2
96 5
fl=./string/../sysdeps/x86_64/multiarch/ifunc-sse4_2.h
fn=strcspn
36 5
fn=strpbrk
36 5
fn=strspn
36 5
fl=./string/../sysdeps/x86_64/multiarch/ifunc-strcasecmp.h
fn=strcasecmp
36 4
37 2
38 3
41 2
42 2
45 3
48 5
fn=strcasecmp_l
36 4
37 2
38 3
41 2
42 2
45 3
48 5
fn=strncasecmp
36 4
37 2
38 3
41 2
42 2
45 3
48 5
fn=strncasecmp_l
36 4
37 2
38 3
41 2
42 2
45 3
48 5
fl=./string/../sysdeps/x86_64/multiarch/ifunc-strcpy.h
fn=stpcpy
38 4
39 3
42 2
43 2
46 3
49 3
fn=strcat
38 4
39 3
42 2
43 2
46 3
49 3
fn=strcpy
38 4
39 3
42 2
43 2
46 3
49 3
fl=./string/../sysdeps/x86_64/multiarch/ifunc-strncpy.h
fn=stpncpy
35 5
36 3
39 2
40 2
43 3
46 4
fn=strncpy
35 5
36 3
39 2
40 2
43 3
46 4
fl=./string/../sysdeps/x86_64/multiarch/memchr.c
fn=memchr
29 2
fl=./string/../sysdeps/x86_64/multiarch/memcmp-avx2-movbe.S
fn=__memcmp_avx2_movbe
73 49
80 49
81 49
156 39
166 39
167 39
168 39
171 78
401 49
402 49
407 49
408 49
409 49
410 49
411 49
414 49
415 49
416 49
417 49
420 49
421 49
422 10
423 20
fl=./string/../sysdeps/x86_64/multiarch/memcmp.c
fn=bcmp
29 4
fl=./string/../sysdeps/x86_64/multiarch/memcmpeq.c
fn=memcpy@@GLIBC_2.14
29 2
fl=./string/../sysdeps/x86_64/multiarch/memmove-vec-unaligned-erms.S
fn=__memcpy_avx_unaligned_erms
255 32014
256 32014
262 32014
263 32014
265 32000
266 32000
267 32000
305 14
306 14
308 10
309 10
311 4
315 4
331 4
332 4
333 4
334 4
335 4
342 4
343 4
344 4
345 4
347 4
364 6
365 6
366 6
367 6
368 6
386 32000
387 32000
563 32000
570 32000
571 32000
577 4000
580 4000
582 4000
585 4000
586 4000
588 4000
590 255875968
592 4000
594 4000
596 8000
601 32000
602 32000
606 32000
608 32000
611 32000
615 32000
616 32000
620 32000
624 32000
648 28000
650 28000
652 28000
654 28000
657 28000
658 28000
660 1791403568
663 28000
665 28000
667 56000
fn=memcpy
210 32
211 32
217 59
218 59
220 31
221 31
222 31
224 15
225 15
226 15
228 15
308 28
309 28
311 7
315 7
316 7
317 7
318 1
319 1
323 1
325 7
364 21
365 21
366 21
367 21
368 21
375 15
376 15
377 15
378 15
379 15
380 15
381 15
392 16
393 16
395 15
396 15
397 15
417 1
418 1
422 1
424 1
440 1
443 1
445 1
447 1
451 1
452 1
461 1
462 1
464 1
466 1
467 1
468 1
471 1
473 1
475 1
477 1
483 3
484 3
485 3
486 3
487 3
488 3
489 3
490 3
491 3
492 3
493 3
494 3
496 1
497 1
498 1
499 1
501 1
505 1
fn=mempcpy
197 27
198 27
199 27
200 27
fl=./string/../sysdeps/x86_64/multiarch/memmove.c
fn=memmove
29 2
fl=./string/../sysdeps/x86_64/multiarch/mempcpy.c
fn=mempcpy
33 1
fl=./string/../sysdeps/x86_64/multiarch/memrchr.c
fn=memrchr
29 3
fl=./string/../sysdeps/x86_64/multiarch/memset.c
fn=memset
29 1
fl=./string/../sysdeps/x86_64/multiarch/stpcpy.c
fn=stpcpy
33 3
fl=./string/../sysdeps/x86_64/multiarch/stpncpy.c
fn=stpncpy
31 3
fl=./string/../sysdeps/x86_64/multiarch/strcasecmp.c
fn=strcasecmp
31 3
fl=./string/../sysdeps/x86_64/multiarch/strcasecmp_l.c
fn=strcasecmp_l
31 3
fl=./string/../sysdeps/x86_64/multiarch/strcat.c
fn=strcat
29 3
fl=./string/../sysdeps/x86_64/multiarch/strchr-avx2.S
fn=__strchrnul_avx2
53 4
55 4
56 4
57 4
58 4
59 4
62 4
63 4
67 4
68 4
69 4
70 4
71 4
72 4
73 4
74 4
87 4
89 8
fl=./string/../sysdeps/x86_64/multiarch/strchr.c
fn=index
42 4
43 2
44 3
47 2
48 2
51 3
54 3
65 3
fl=./string/../sysdeps/x86_64/multiarch/strchrnul.c
fn=strchrnul
31 3
fl=./string/../sysdeps/x86_64/multiarch/strcmp-avx2.S
fn=__strncmp_avx2
206 6
230 6
235 6
249 6
274 6
275 6
276 6
278 6
279 6
283 6
287 6
289 6
291 6
294 6
296 6
297 6
308 6
318 6
319 6
322 6
326 12
331 6
332 6
333 6
fl=./string/../sysdeps/x86_64/multiarch/strcmp.c
fn=strcmp
47 4
48 2
49 3
52 2
53 2
56 3
59 3
79 3
fl=./string/../sysdeps/x86_64/multiarch/strcpy.c
fn=strcpy
29 3
fl=./string/../sysdeps/x86_64/multiarch/strcspn.c
fn=strcspn
29 2
fl=./string/../sysdeps/x86_64/multiarch/strlen-avx2.S
fn=__strlen_avx2
52 73
65 73
66 73
67 73
70 73
72 73
73 73
76 73
77 73
85 73
86 73
87 73
92 146
fl=./string/../sysdeps/x86_64/multiarch/strlen.c
fn=strlen
29 6
fl=./string/../sysdeps/x86_64/multiarch/strncase.c
fn=strncasecmp
31 3
fl=./string/../sysdeps/x86_64/multiarch/strncase_l.c
fn=strncasecmp_l
31 3
fl=./string/../sysdeps/x86_64/multiarch/strncmp.c
fn=strncmp
43 4
44 2
45 3
48 2
49 2
52 3
55 5
67 3
fl=./string/../sysdeps/x86_64/multiarch/strncpy.c
fn=strncpy
29 3
fl=./string/../sysdeps/x86_64/multiarch/strnlen.c
fn=strnlen
31 6
fl=./string/../sysdeps/x86_64/multiarch/strpbrk.c
fn=strpbrk
29 2
fl=./string/../sysdeps/x86_64/multiarch/strrchr-avx2.S
fn=__strrchr_avx2
53 1
54 1
55 1
57 1
58 1
62 1
63 1
64 1
67 1
69 1
70 1
71 1
72 1
75 1
76 1
78 1
79 1
80 1
81 1
82 1
91 2
fl=./string/../sysdeps/x86_64/multiarch/strrchr.c
fn=rindex
28 3
fl=./string/../sysdeps/x86_64/multiarch/strspn.c
fn=strspn
29 2
fl=./string/./string/strdup.c
fn=strdup
40 36
41 12
44 12
47 24
48 18
fl=./wcsmbs/../sysdeps/x86_64/multiarch/ifunc-avx2.h
fn=wcschr
38 8
40 6
41 4
42 6
45 4
46 4
49 6
52 12
fn=wcscmp
38 4
40 3
41 2
42 3
45 2
46 2
49 3
52 6
fl=./wcsmbs/../sysdeps/x86_64/multiarch/ifunc-evex.h
fn=wmemchr
37 8
38 6
39 6
42 4
43 4
45 4
51 6
54 8
fl=./wcsmbs/../sysdeps/x86_64/multiarch/ifunc-memcmp.h
fn=wmemcmp
34 5
35 2
36 2
37 3
40 2
41 2
44 3
47 4
fl=./wcsmbs/../sysdeps/x86_64/multiarch/ifunc-wcs.h
fn=wcpncpy
39 4
40 3
41 3
44 2
45 3
48 4
fn=wcscat
39 4
40 3
41 3
44 2
45 3
48 4
fn=wcsncpy
39 4
40 3
41 3
44 2
45 3
48 4
fl=./wcsmbs/../sysdeps/x86_64/multiarch/ifunc-wcslen.h
fn=wcslen
40 4
41 2
42 3
45 2
46 2
49 3
52 3
fn=wcsnlen
40 4
41 2
42 3
45 2
46 2
49 3
52 3
fl=./wcsmbs/../sysdeps/x86_64/multiarch/ifunc-wmemset.h
fn=wmemset
36 10
37 6
fl=./wcsmbs/../sysdeps/x86_64/multiarch/wcpcpy.c
fn=wcpncpy
31 1
fl=./wcsmbs/../sysdeps/x86_64/multiarch/wcpncpy.c
fn=wcpncpy
31 1
fl=./wcsmbs/../sysdeps/x86_64/multiarch/wcscat.c
fn=wcscat
31 2
fn=wcschr
31 2
fl=./wcsmbs/../sysdeps/x86_64/multiarch/wcschr.c
fn=wcschr
31 4
fl=./wcsmbs/../sysdeps/x86_64/multiarch/wcscmp.c
fn=wcscmp
30 3
fl=./wcsmbs/../sysdeps/x86_64/multiarch/wcscpy.c
fn=wcscpy
42 4
43 2
44 3
46 2
47 3
50 3
60 2
fl=./wcsmbs/../sysdeps/x86_64/multiarch/wcslen.c
fn=wcslen
29 3
fl=./wcsmbs/../sysdeps/x86_64/multiarch/wcsncpy.c
fn=wcsncpy
31 2
fl=./wcsmbs/../sysdeps/x86_64/multiarch/wcsnlen.c
fn=wcsnlen
30 3
fl=./wcsmbs/../sysdeps/x86_64/multiarch/wmemchr.c
fn=wmemchr
31 4
fl=./wcsmbs/../sysdeps/x86_64/multiarch/wmemcmp.c
fn=wmemcmp
29 4
fl=./wcsmbs/../sysdeps/x86_64/multiarch/wmemset.c
fn=wmemset
31 4
fl=./wcsmbs/./wcsmbs/btowc.c
fn=btowc
32 2560
37 1792
42 512
46 384
47 256
48 256
52 512
55 1152
94 1792
fl=./wcsmbs/./wcsmbs/wctob.c
fn=wctob
30 1280
39 384
44 256
45 128
79 1152
fl=./wcsmbs/./wcsmbsload.h
fn=btowc
69 128
70 384
fl=./wctype/./wctype/wctype_l.c
fn=wctype_l
26 110
29 20
32 30
33 68
35 174
37 410
40 48
41 96
45 20
46 10
47 80
fl=/home/marcus/+projects/Parallel_Programming/lab1/../utils/new.hpp
fn=utils::RNG<utils::RNG_Config<std::random_device, std::linear_congruential_engine<unsigned long, 16807ul, 0ul, 2147483647ul>, int, std::uniform_int_distribution<int> > >::RNG(int, int)
103 39
fn=utils::RNG<utils::RNG_Config<std::random_device, std::linear_congruential_engine<unsigned long, 16807ul, 0ul, 2147483647ul>, int, std::uniform_int_distribution<int> > >::operator()()
109 7168448000
fn=utils::RNG<utils::RNG_Config<std::random_device, std::linear_congruential_engine<unsigned long, 16807ul, 0ul, 2147483647ul>, int, std::uniform_int_distribution<int> > >::~RNG()
85 11
fn=utils::RNG<utils::RNG_Config<std::random_device, std::linear_congruential_engine<unsigned long, 16807ul, 0ul, 2147483647ul>, short, std::uniform_int_distribution<short> > >::RNG(short, short)
103 44
fn=utils::RNG<utils::RNG_Config<std::random_device, std::linear_congruential_engine<unsigned long, 16807ul, 0ul, 2147483647ul>, short, std::uniform_int_distribution<short> > >::~RNG()
85 11
fl=/home/marcus/+projects/Parallel_Programming/lab1/BMF_book_example_both.cpp
fn=BMF_book_example_efficient(unsigned long)
36 11
37 15
38 6
39 6
41 240019
42 160000
45 10
46 6
47 15
fn=BMF_book_example_efficient(unsigned long)::{lambda()#1}::operator()() const
42 2304000000
fn=BMF_book_example_efficient(unsigned long)::{lambda()#2}::operator()() const
45 144000
fn=BMF_book_example_inefficient(unsigned long)
50 11
51 15
52 6
53 6
55 240019
56 160000
59 10
60 6
61 15
fn=BMF_book_example_inefficient(unsigned long)::{lambda()#1}::operator()() const
56 2304000000
fn=BMF_book_example_inefficient(unsigned long)::{lambda()#2}::operator()() const
59 144000
fn=_GLOBAL__sub_I_min
69 6
fn=__static_initialization_and_destruction_0()
27 6
28 8
69 6
fn=main
64 3
65 2
66 2
68 1
69 2
fl=/home/marcus/+projects/Parallel_Programming/lab1/cpp_functions.hpp
fn=__static_initialization_and_destruction_0()
26 21
fn=void average<int>(std::vector<int, std::allocator<int> > const&)
28 18
30 4
31 8
33 128010
34 672000
37 44
38 14
fn=void book_example_efficient<int, int>(std::vector<std::vector<int, std::allocator<int> >, std::allocator<std::vector<int, std::allocator<int> > > > const&, std::vector<int, std::allocator<int> > const&, std::vector<int, std::allocator<int> >&)
55 8
58 4
59 80006
60 8960096000
62 3
63 4
fn=void book_example_inefficient<int, int>(std::vector<std::vector<int, std::allocator<int> >, std::allocator<std::vector<int, std::allocator<int> > > > const&, std::vector<int, std::allocator<int> > const&, std::vector<int, std::allocator<int> >&)
67 8
70 4
71 80006
72 8960096000
74 3
75 4
fl=/usr/include/c++/14/bits/alloc_traits.h
fn=std::_Vector_base<int, std::allocator<int> >::_M_allocate(unsigned long)
478 64012
fn=std::_Vector_base<int, std::allocator<int> >::_M_deallocate(int*, unsigned long)
513 32006
fn=std::_Vector_base<std::vector<int, std::allocator<int> >, std::allocator<std::vector<int, std::allocator<int> > > >::_M_allocate(unsigned long)
478 4
fn=std::_Vector_base<std::vector<int, std::allocator<int> >, std::allocator<std::vector<int, std::allocator<int> > > >::_M_deallocate(std::vector<int, std::allocator<int> >*, unsigned long)
513 2
fn=std::__cxx11::basic_string<char, std::char_traits<char>, std::allocator<char> >::_M_destroy(unsigned long)
513 2
fn=std::__cxx11::basic_string<char, std::char_traits<char>, std::allocator<char> >::_S_allocate(std::allocator<char>&, unsigned long)
478 2
fn=std::__cxx11::basic_string<char, std::char_traits<char>, std::allocator<char> >::max_size() const
572 6
fn=std::vector<int, std::allocator<int> >::vector(std::vector<int, std::allocator<int> > const&)
584 32000
fn=std::vector<int, std::allocator<int> >::~vector()
944 160030
945 32006
fn=std::vector<std::vector<int, std::allocator<int> >, std::allocator<std::vector<int, std::allocator<int> > > >::~vector()
944 10
945 2
fl=/usr/include/c++/14/bits/allocator.h
fn=BMF_book_example_efficient(unsigned long)
161 6
182 8
fn=BMF_book_example_inefficient(unsigned long)
161 6
182 8
fn=std::_Vector_base<int, std::allocator<int> >::_M_allocate(unsigned long)
189 64012
196 224042
fn=std::_Vector_base<int, std::allocator<int> >::_M_deallocate(int*, unsigned long)
203 64012
208 192036
fn=std::_Vector_base<int, std::allocator<int> >::_Vector_impl::_Vector_impl(std::allocator<int> const&)
166 32006
fn=std::_Vector_base<int, std::allocator<int> >::_Vector_impl::~_Vector_impl()
182 32006
fn=std::_Vector_base<std::vector<int, std::allocator<int> >, std::allocator<std::vector<int, std::allocator<int> > > >::_M_allocate(unsigned long)
189 4
196 14
fn=std::_Vector_base<std::vector<int, std::allocator<int> >, std::allocator<std::vector<int, std::allocator<int> > > >::_M_deallocate(std::vector<int, std::allocator<int> >*, unsigned long)
203 4
208 12
fn=std::_Vector_base<std::vector<int, std::allocator<int> >, std::allocator<std::vector<int, std::allocator<int> > > >::_Vector_impl::_Vector_impl(std::allocator<std::vector<int, std::allocator<int> > > const&)
166 2
fn=std::_Vector_base<std::vector<int, std::allocator<int> >, std::allocator<std::vector<int, std::allocator<int> > > >::_Vector_impl::~_Vector_impl()
182 2
fn=std::__cxx11::basic_string<char, std::char_traits<char>, std::allocator<char> > __gnu_cxx::__to_xstring<std::__cxx11::basic_string<char, std::char_traits<char>, std::allocator<char> >, char>(int (*)(char*, unsigned long, char const*, __va_list_tag*), unsigned long, char const*, ...)
161 2
182 2
fn=std::__cxx11::basic_string<char, std::char_traits<char>, std::allocator<char> >::_Alloc_hider::_Alloc_hider(char*, std::allocator<char> const&)
166 4
fn=std::__cxx11::basic_string<char, std::char_traits<char>, std::allocator<char> >::_Alloc_hider::_Alloc_hider(char*, std::allocator<char>&&)
166 2
fn=std::__cxx11::basic_string<char, std::char_traits<char>, std::allocator<char> >::_Alloc_hider::~_Alloc_hider()
182 7
fn=std::__cxx11::basic_string<char, std::char_traits<char>, std::allocator<char> >::_M_destroy(unsigned long)
203 4
208 12
fn=std::__cxx11::basic_string<char, std::char_traits<char>, std::allocator<char> >::_S_allocate(std::allocator<char>&, unsigned long)
189 4
196 14
fn=std::random_device::random_device()
161 2
182 2
fn=std::vector<int, std::allocator<int> >::_S_check_init_len(unsigned long, std::allocator<int> const&)
166 6
182 6
fn=std::vector<int, std::allocator<int> >::vector(std::vector<int, std::allocator<int> > const&)
166 32000
182 32000
fn=std::vector<std::vector<int, std::allocator<int> >, std::allocator<std::vector<int, std::allocator<int> > > >::_S_check_init_len(unsigned long, std::allocator<std::vector<int, std::allocator<int> > > const&)
166 2
182 2
fl=/usr/include/c++/14/bits/basic_string.h
fn=std::__cxx11::basic_string<char, std::char_traits<char>, std::allocator<char> > std::operator+<char, std::char_traits<char>, std::allocator<char> >(std::__cxx11::basic_string<char, std::char_traits<char>, std::allocator<char> > const&, std::__cxx11::basic_string<char, std::char_traits<char>, std::allocator<char> >&&)
3689 14
3691 30
fn=std::__cxx11::basic_string<char, std::char_traits<char>, std::allocator<char> >::_Alloc_hider::_Alloc_hider(char*, std::allocator<char> const&)
193 56
194 24
fn=std::__cxx11::basic_string<char, std::char_traits<char>, std::allocator<char> >::_Alloc_hider::_Alloc_hider(char*, std::allocator<char>&&)
197 14
198 32
fn=std::__cxx11::basic_string<char, std::char_traits<char>, std::allocator<char> >::_Alloc_hider::~_Alloc_hider()
186 63
fn=std::__cxx11::basic_string<char, std::char_traits<char>, std::allocator<char> >::_M_capacity(unsigned long)
254 20
255 24
fn=std::__cxx11::basic_string<char, std::char_traits<char>, std::allocator<char> >::_M_check(unsigned long, char const*) const
391 14
393 14
397 2
398 4
fn=std::__cxx11::basic_string<char, std::char_traits<char>, std::allocator<char> >::_M_check_length(unsigned long, unsigned long, char const*) const
402 18
404 28
406 8
fn=std::__cxx11::basic_string<char, std::char_traits<char>, std::allocator<char> >::_M_data() const
227 140
228 140
fn=std::__cxx11::basic_string<char, std::char_traits<char>, std::allocator<char> >::_M_data(char*)
217 30
218 36
fn=std::__cxx11::basic_string<char, std::char_traits<char>, std::allocator<char> >::_M_destroy(unsigned long)
293 16
294 48
fn=std::__cxx11::basic_string<char, std::char_traits<char>, std::allocator<char> >::_M_dispose()
285 45
287 54
288 12
289 27
fn=std::__cxx11::basic_string<char, std::char_traits<char>, std::allocator<char> >::_M_get_allocator()
341 24
342 18
fn=std::__cxx11::basic_string<char, std::char_traits<char>, std::allocator<char> >::_M_get_allocator() const
346 24
347 18
fn=std::__cxx11::basic_string<char, std::char_traits<char>, std::allocator<char> >::_M_is_local() const
267 90
269 165
271 33
273 22
275 4
276 45
fn=std::__cxx11::basic_string<char, std::char_traits<char>, std::allocator<char> >::_M_length(unsigned long)
222 50
223 60
fn=std::__cxx11::basic_string<char, std::char_traits<char>, std::allocator<char> >::_M_limit(unsigned long, unsigned long) const
412 14
414 14
415 8
416 4
fn=std::__cxx11::basic_string<char, std::char_traits<char>, std::allocator<char> >::_M_local_data()
232 40
235 32
239 16
fn=std::__cxx11::basic_string<char, std::char_traits<char>, std::allocator<char> >::_M_local_data() const
243 75
246 60
250 30
fn=std::__cxx11::basic_string<char, std::char_traits<char>, std::allocator<char> >::_M_set_length(unsigned long)
259 72
261 40
262 80
263 48
fn=std::__cxx11::basic_string<char, std::char_traits<char>, std::allocator<char> >::_S_allocate(std::allocator<char>&, unsigned long)
129 34
131 2
141 2
142 10
fn=std::__cxx11::basic_string<char, std::char_traits<char>, std::allocator<char> >::_S_copy(char*, char const*, unsigned long)
430 56
432 16
435 48
436 24
fn=std::__cxx11::basic_string<char, std::char_traits<char>, std::allocator<char> >::_S_copy_chars(char*, char const*, char const*)
487 14
489 22
fn=std::__cxx11::basic_string<char, std::char_traits<char>, std::allocator<char> >::_S_copy_chars(char*, char*, char*)
482 14
483 22
fn=std::__cxx11::basic_string<char, std::char_traits<char>, std::allocator<char> >::basic_string(std::__cxx11::basic_string<char, std::char_traits<char>, std::allocator<char> >&&)
356 6
360 2
370 10
682 16
683 28
685 10
693 16
694 12
700 24
701 8
702 8
703 12
fn=std::__cxx11::basic_string<char, std::char_traits<char>, std::allocator<char> >::basic_string<char*, void>(char*, char*, std::allocator<char> const&)
765 24
767 24
770 12
775 14
fn=std::__cxx11::basic_string<char, std::char_traits<char>, std::allocator<char> >::basic_string<std::allocator<char> >(char const*, std::allocator<char> const&)
646 16
647 20
650 4
653 12
654 12
655 8
fn=std::__cxx11::basic_string<char, std::char_traits<char>, std::allocator<char> >::capacity() const
1180 20
1182 24
1183 4
1184 8
fn=std::__cxx11::basic_string<char, std::char_traits<char>, std::allocator<char> >::insert(unsigned long, std::__cxx11::basic_string<char, std::char_traits<char>, std::allocator<char> > const&)
1939 16
1940 22
1941 14
fn=std::__cxx11::basic_string<char, std::char_traits<char>, std::allocator<char> >::length() const
1083 24
1084 24
fn=std::__cxx11::basic_string<char, std::char_traits<char>, std::allocator<char> >::max_size() const
1089 30
1090 48
fn=std::__cxx11::basic_string<char, std::char_traits<char>, std::allocator<char> >::replace(unsigned long, unsigned long, char const*, unsigned long)
2249 20
2253 44
2255 6
fn=std::__cxx11::basic_string<char, std::char_traits<char>, std::allocator<char> >::size() const
1076 40
1077 40
fn=std::__cxx11::basic_string<char, std::char_traits<char>, std::allocator<char> >::~basic_string()
808 35
809 63
fn=std::__cxx11::to_string(double)
4412 18
4413 2
4416 20
4417 12
fn=void std::__cxx11::basic_string<char, std::char_traits<char>, std::allocator<char> >::_M_construct<char const*>(char const*, char const*, std::forward_iterator_tag)
356 6
360 2
fn=void std::__cxx11::basic_string<char, std::char_traits<char>, std::allocator<char> >::_M_construct<char*>(char*, char*, std::forward_iterator_tag)
356 6
360 2
fl=/usr/include/c++/14/bits/basic_string.tcc
fn=std::__cxx11::basic_string<char, std::char_traits<char>, std::allocator<char> >::_M_construct<char const*>(char const*, char const*, std::forward_iterator_tag)::_Guard::_Guard(std::__cxx11::basic_string<char, std::char_traits<char>, std::allocator<char> >*)
239 22
fn=std::__cxx11::basic_string<char, std::char_traits<char>, std::allocator<char> >::_M_construct<char const*>(char const*, char const*, std::forward_iterator_tag)::_Guard::~_Guard()
242 24
fn=std::__cxx11::basic_string<char, std::char_traits<char>, std::allocator<char> >::_M_construct<char*>(char*, char*, std::forward_iterator_tag)::_Guard::_Guard(std::__cxx11::basic_string<char, std::char_traits<char>, std::allocator<char> >*)
239 22
fn=std::__cxx11::basic_string<char, std::char_traits<char>, std::allocator<char> >::_M_construct<char*>(char*, char*, std::forward_iterator_tag)::_Guard::~_Guard()
242 24
fn=std::__cxx11::basic_string<char, std::char_traits<char>, std::allocator<char> >::_M_create(unsigned long&, unsigned long)
138 16
143 18
149 20
151 8
153 18
159 18
160 6
fn=std::__cxx11::basic_string<char, std::char_traits<char>, std::allocator<char> >::_M_mutate(unsigned long, unsigned long, char const*, unsigned long)
325 24
329 12
331 14
332 20
334 4
336 8
337 16
338 4
339 18
340 14
342 6
343 10
344 10
345 12
fn=std::__cxx11::basic_string<char, std::char_traits<char>, std::allocator<char> >::_M_replace(unsigned long, unsigned long, char const*, unsigned long)
511 18
515 12
517 8
518 10
520 14
548 16
550 10
551 2
552 4
fn=void std::__cxx11::basic_string<char, std::char_traits<char>, std::allocator<char> >::_M_construct<char const*>(char const*, char const*, std::forward_iterator_tag)
221 30
225 2
227 6
230 4
245 10
247 18
249 2
251 10
252 18
fn=void std::__cxx11::basic_string<char, std::char_traits<char>, std::allocator<char> >::_M_construct<char*>(char*, char*, std::forward_iterator_tag)
221 28
225 2
227 6
230 4
245 10
247 18
249 2
251 10
252 16
fl=/usr/include/c++/14/bits/char_traits.h
fn=std::char_traits<char>::assign(char&, char const&)
343 48
346 16
350 32
351 24
fn=std::char_traits<char>::copy(char*, char const*, unsigned long)
419 56
421 16
424 16
427 72
428 16
fn=std::char_traits<char>::length(char const*)
385 10
388 4
391 8
392 4
fl=/usr/include/c++/14/bits/cpp_type_traits.h
fn=__gnu_cxx::__normal_iterator<int const*, std::vector<int, std::allocator<int> > > std::__miter_base<__gnu_cxx::__normal_iterator<int const*, std::vector<int, std::allocator<int> > > >(__gnu_cxx::__normal_iterator<int const*, std::vector<int, std::allocator<int> > >)
607 256000
608 192000
fl=/usr/include/c++/14/bits/move.h
fn=char const* std::__addressof<char const>(char const&)
51 60
52 45
fn=char const* std::addressof<char const>(char const&)
162 75
163 75
fn=char* std::__addressof<char>(char&)
51 32
52 24
fn=char* std::addressof<char>(char&)
162 40
163 40
fn=int* std::__addressof<int>(int&)
51 24
52 18
fn=std::remove_reference<std::__cxx11::basic_string<char, std::char_traits<char>, std::allocator<char> >&>::type&& std::move<std::__cxx11::basic_string<char, std::char_traits<char>, std::allocator<char> >&>(std::__cxx11::basic_string<char, std::char_traits<char>, std::allocator<char> >&)
126 8
127 6
fn=std::remove_reference<std::allocator<char>&>::type&& std::move<std::allocator<char>&>(std::allocator<char>&)
126 16
127 12
fn=std::vector<int, std::allocator<int> > const& std::forward<std::vector<int, std::allocator<int> > const&>(std::remove_reference<std::vector<int, std::allocator<int> > const&>::type&)
70 128000
71 96000
fn=std::vector<int, std::allocator<int> >* std::__addressof<std::vector<int, std::allocator<int> > >(std::vector<int, std::allocator<int> >&)
51 256000
52 192000
fl=/usr/include/c++/14/bits/new_allocator.h
fn=BMF_book_example_efficient(unsigned long)
88 4
fn=BMF_book_example_inefficient(unsigned long)
88 4
fn=std::_Vector_base<int, std::allocator<int> >::_Vector_impl::_Vector_impl(std::allocator<int> const&)
92 32006
fn=std::_Vector_base<std::vector<int, std::allocator<int> >, std::allocator<std::vector<int, std::allocator<int> > > >::_Vector_impl::_Vector_impl(std::allocator<std::vector<int, std::allocator<int> > > const&)
92 2
fn=std::__cxx11::basic_string<char, std::char_traits<char>, std::allocator<char> > __gnu_cxx::__to_xstring<std::__cxx11::basic_string<char, std::char_traits<char>, std::allocator<char> >, char>(int (*)(char*, unsigned long, char const*, __va_list_tag*), unsigned long, char const*, ...)
88 2
fn=std::__cxx11::basic_string<char, std::char_traits<char>, std::allocator<char> >::_Alloc_hider::_Alloc_hider(char*, std::allocator<char> const&)
92 4
fn=std::__cxx11::basic_string<char, std::char_traits<char>, std::allocator<char> >::_Alloc_hider::_Alloc_hider(char*, std::allocator<char>&&)
92 2
fn=std::__new_allocator<char>::allocate(unsigned long, void const*)
126 18
134 14
151 8
152 4
233 2
fn=std::__new_allocator<char>::deallocate(char*, unsigned long)
156 14
172 10
173 4
fn=std::__new_allocator<int>::allocate(unsigned long, void const*)
126 288054
134 224042
151 160030
152 64012
233 32006
fn=std::__new_allocator<int>::deallocate(int*, unsigned long)
156 224042
172 192036
173 64012
fn=std::__new_allocator<std::vector<int, std::allocator<int> > >::allocate(unsigned long, void const*)
126 18
134 14
151 16
152 4
233 2
fn=std::__new_allocator<std::vector<int, std::allocator<int> > >::deallocate(std::vector<int, std::allocator<int> >*, unsigned long)
156 14
172 20
173 4
fn=std::random_device::random_device()
88 2
fn=std::vector<int, std::allocator<int> >::_S_check_init_len(unsigned long, std::allocator<int> const&)
92 6
fn=std::vector<int, std::allocator<int> >::vector(std::vector<int, std::allocator<int> > const&)
92 32000
fn=std::vector<std::vector<int, std::allocator<int> >, std::allocator<std::vector<int, std::allocator<int> > > >::_S_check_init_len(unsigned long, std::allocator<std::vector<int, std::allocator<int> > > const&)
92 2
fl=/usr/include/c++/14/bits/ptr_traits.h
fn=std::__ptr_traits_ptr_to<char const*, char const, false>::pointer_to(char const&)
134 75
135 75
fn=std::__ptr_traits_ptr_to<char*, char, false>::pointer_to(char&)
134 40
135 40
fl=/usr/include/c++/14/bits/random.h
fn=std::__detail::_Mod<unsigned long, 2147483647ul, 16807ul, 0ul, true, true>::__calc(unsigned long)
244 2048128504
246 1536096378
248 8192514016
249 512032126
250 1024064252
fn=std::__detail::_Mod<unsigned long, 2147483647ul, 1ul, 0ul, true, true>::__calc(unsigned long)
244 24
246 12
248 96
249 6
250 12
fn=std::linear_congruential_engine<unsigned long, 16807ul, 0ul, 2147483647ul>::linear_congruential_engine(unsigned long)
405 12
406 16
fn=std::linear_congruential_engine<unsigned long, 16807ul, 0ul, 2147483647ul>::operator()()
470 2560160630
472 3072192756
473 1024064252
474 1024064252
fn=std::random_device::operator()()
1781 10
1782 10
fn=std::random_device::random_device()
1760 64
fn=std::random_device::~random_device()
1765 10
1766 12
fn=unsigned long std::__detail::__mod<unsigned long, 2147483647ul, 16807ul, 0ul>(unsigned long)
255 2560160630
260 1536096378
261 1024064252
fn=unsigned long std::__detail::__mod<unsigned long, 2147483647ul, 1ul, 0ul>(unsigned long)
255 30
260 18
261 12
fl=/usr/include/c++/14/bits/random.tcc
fn=std::linear_congruential_engine<unsigned long, 16807ul, 0ul, 2147483647ul>::seed(unsigned long)
118 12
121 8
122 16
125 10
126 6
fl=/usr/include/c++/14/bits/stl_algo.h
fn=void std::generate<__gnu_cxx::__normal_iterator<int*, std::vector<int, std::allocator<int> > >, BMF_book_example_efficient(unsigned long)::{lambda()#1}>(__gnu_cxx::__normal_iterator<int*, std::vector<int, std::allocator<int> > >, __gnu_cxx::__normal_iterator<int*, std::vector<int, std::allocator<int> > >, BMF_book_example_efficient(unsigned long)::{lambda()#1})
4344 96000
4353 2816144000
4354 2048000000
4355 80000
fn=void std::generate<__gnu_cxx::__normal_iterator<int*, std::vector<int, std::allocator<int> > >, BMF_book_example_efficient(unsigned long)::{lambda()#2}>(__gnu_cxx::__normal_iterator<int*, std::vector<int, std::allocator<int> > >, __gnu_cxx::__normal_iterator<int*, std::vector<int, std::allocator<int> > >, BMF_book_example_efficient(unsigned long)::{lambda()#2})
4344 6
4353 176009
4354 128000
4355 5
fn=void std::generate<__gnu_cxx::__normal_iterator<int*, std::vector<int, std::allocator<int> > >, BMF_book_example_inefficient(unsigned long)::{lambda()#1}>(__gnu_cxx::__normal_iterator<int*, std::vector<int, std::allocator<int> > >, __gnu_cxx::__normal_iterator<int*, std::vector<int, std::allocator<int> > >, BMF_book_example_inefficient(unsigned long)::{lambda()#1})
4344 96000
4353 2816144000
4354 2048000000
4355 80000
fn=void std::generate<__gnu_cxx::__normal_iterator<int*, std::vector<int, std::allocator<int> > >, BMF_book_example_inefficient(unsigned long)::{lambda()#2}>(__gnu_cxx::__normal_iterator<int*, std::vector<int, std::allocator<int> > >, __gnu_cxx::__normal_iterator<int*, std::vector<int, std::allocator<int> > >, BMF_book_example_inefficient(unsigned long)::{lambda()#2})
4344 6
4353 176009
4354 128000
4355 5
fl=/usr/include/c++/14/bits/stl_algobase.h
fn=__gnu_cxx::__enable_if<std::__is_scalar<int>::__value, void>::__type std::__fill_a1<int*, int>(int*, int*, int const&)
947 36
950 18
951 384000
952 287982
953 24
fn=int* std::__copy_move<false, true, std::random_access_iterator_tag>::__copy_m<int const, int>(int const*, int const*, int*)
448 224000
450 128000
451 160000
452 256000
456 128000
457 64000
fn=int* std::__copy_move_a1<false, int const*, int*>(int const*, int const*, int*)
547 224000
548 256000
fn=int* std::__copy_move_a2<false, int const*, int*>(int const*, int const*, int*)
512 224000
516 96000
521 224000
522 64000
fn=int* std::__copy_move_a<false, __gnu_cxx::__normal_iterator<int const*, std::vector<int, std::allocator<int> > >, int*>(__gnu_cxx::__normal_iterator<int const*, std::vector<int, std::allocator<int> > >, __gnu_cxx::__normal_iterator<int const*, std::vector<int, std::allocator<int> > >, int*)
553 288000
555 640000
559 160000
fn=int* std::__fill_n_a<int*, unsigned long, int>(int*, unsigned long, int const&, std::random_access_iterator_tag)
1140 42
1146 12
1151 54
1152 24
1153 12
fn=int* std::__niter_base<int*>(int*)
316 128000
318 96000
fn=int* std::__niter_wrap<int*>(int* const&, int*)
353 160000
354 96000
fn=int* std::copy<__gnu_cxx::__normal_iterator<int const*, std::vector<int, std::allocator<int> > >, int*>(__gnu_cxx::__normal_iterator<int const*, std::vector<int, std::allocator<int> > >, __gnu_cxx::__normal_iterator<int const*, std::vector<int, std::allocator<int> > >, int*)
642 256000
651 416000
652 96000
fn=int* std::fill_n<int*, unsigned long, int>(int*, unsigned long, int const&)
1175 42
1180 54
1182 12
fn=std::__size_to_integer(unsigned long)
1040 42
fn=unsigned long const& std::min<unsigned long>(unsigned long const&, unsigned long const&)
233 40
238 48
240 8
241 16
fn=void std::__fill_a<int*, int>(int*, int*, int const&)
997 42
998 54
fl=/usr/include/c++/14/bits/stl_construct.h
fn=void std::_Construct<int>(int*)
109 30
112 12
119 30
120 12
fn=void std::_Construct<std::vector<int, std::allocator<int> >, std::vector<int, std::allocator<int> > const&>(std::vector<int, std::allocator<int> >*, std::vector<int, std::allocator<int> > const&)
109 320000
112 64000
119 384000
120 256000
fn=void std::_Destroy<int*>(int*, int*)
182 192036
192 64012
196 160030
197 64012
fn=void std::_Destroy<std::vector<int, std::allocator<int> > >(std::vector<int, std::allocator<int> >*)
146 160000
149 96000
153 96000
fn=void std::_Destroy<std::vector<int, std::allocator<int> >*>(std::vector<int, std::allocator<int> >*, std::vector<int, std::allocator<int> >*)
182 12
192 4
196 10
197 4
fn=void std::_Destroy_aux<false>::__destroy<std::vector<int, std::allocator<int> >*>(std::vector<int, std::allocator<int> >*, std::vector<int, std::allocator<int> >*)
160 12
162 128008
163 160000
164 8
fn=void std::_Destroy_aux<true>::__destroy<int*>(int*, int*)
172 256048
fn=void std::destroy_at<std::vector<int, std::allocator<int> > >(std::vector<int, std::allocator<int> >*)
80 160000
88 96000
89 96000
fl=/usr/include/c++/14/bits/stl_iterator.h
fn=__gnu_cxx::__normal_iterator<int const*, std::vector<int, std::allocator<int> > >::__normal_iterator(int const* const&)
1067 320000
1068 448000
fn=__gnu_cxx::__normal_iterator<int const*, std::vector<int, std::allocator<int> > >::base() const
1153 256000
1154 192000
fn=__gnu_cxx::__normal_iterator<int*, std::vector<int, std::allocator<int> > >::__normal_iterator(int* const&)
1067 320020
1068 448028
fn=__gnu_cxx::__normal_iterator<int*, std::vector<int, std::allocator<int> > >::base() const
1153 4096512016
1154 3072384012
fn=__gnu_cxx::__normal_iterator<int*, std::vector<int, std::allocator<int> > >::operator*() const
1090 2048128000
1091 2048128000
fn=__gnu_cxx::__normal_iterator<int*, std::vector<int, std::allocator<int> > >::operator++()
1100 2048128000
1102 2560160000
1103 512032000
1104 1024064000
fn=__gnu_cxx::__normal_iterator<std::vector<int, std::allocator<int> >*, std::vector<std::vector<int, std::allocator<int> >, std::allocator<std::vector<int, std::allocator<int> > > > >::__normal_iterator(std::vector<int, std::allocator<int> >* const&)
1067 20
1068 28
fn=__gnu_cxx::__normal_iterator<std::vector<int, std::allocator<int> >*, std::vector<std::vector<int, std::allocator<int> >, std::allocator<std::vector<int, std::allocator<int> > > > >::base() const
1153 256016
1154 192012
fn=__gnu_cxx::__normal_iterator<std::vector<int, std::allocator<int> >*, std::vector<std::vector<int, std::allocator<int> >, std::allocator<std::vector<int, std::allocator<int> > > > >::operator*() const
1090 128000
1091 128000
fn=__gnu_cxx::__normal_iterator<std::vector<int, std::allocator<int> >*, std::vector<std::vector<int, std::allocator<int> >, std::allocator<std::vector<int, std::allocator<int> > > > >::operator++()
1100 128000
1102 160000
1103 32000
1104 64000
fn=bool __gnu_cxx::operator==<int*, std::vector<int, std::allocator<int> > >(__gnu_cxx::__normal_iterator<int*, std::vector<int, std::allocator<int> > > const&, __gnu_cxx::__normal_iterator<int*, std::vector<int, std::allocator<int> > > const&)
1188 3584448014
1194 6656832026
fn=bool __gnu_cxx::operator==<std::vector<int, std::allocator<int> >*, std::vector<std::vector<int, std::allocator<int> >, std::allocator<std::vector<int, std::allocator<int> > > > >(__gnu_cxx::__normal_iterator<std::vector<int, std::allocator<int> >*, std::vector<std::vector<int, std::allocator<int> >, std::allocator<std::vector<int, std::allocator<int> > > > > const&, __gnu_cxx::__normal_iterator<std::vector<int, std::allocator<int> >*, std::vector<std::vector<int, std::allocator<int> >, std::allocator<std::vector<int, std::allocator<int> > > > > const&)
1188 224014
1194 416026
fn=int const* std::__niter_base<int const*, std::vector<int, std::allocator<int> > >(__gnu_cxx::__normal_iterator<int const*, std::vector<int, std::allocator<int> > >)
1348 320000
1350 384000
fl=/usr/include/c++/14/bits/stl_iterator_base_funcs.h
fn=void std::__cxx11::basic_string<char, std::char_traits<char>, std::allocator<char> >::_M_construct<char const*>(char const*, char const*, std::forward_iterator_tag)
106 4
151 8
152 2
fn=void std::__cxx11::basic_string<char, std::char_traits<char>, std::allocator<char> >::_M_construct<char*>(char*, char*, std::forward_iterator_tag)
106 4
151 8
152 2
fl=/usr/include/c++/14/bits/stl_iterator_base_types.h
fn=int* std::fill_n<int*, unsigned long, int>(int*, unsigned long, int const&)
240 6
fn=std::__cxx11::basic_string<char, std::char_traits<char>, std::allocator<char> >::basic_string<char*, void>(char*, char*, std::allocator<char> const&)
240 2
fn=void std::__cxx11::basic_string<char, std::char_traits<char>, std::allocator<char> >::_M_construct<char const*>(char const*, char const*, std::forward_iterator_tag)
240 2
fn=void std::__cxx11::basic_string<char, std::char_traits<char>, std::allocator<char> >::_M_construct<char*>(char*, char*, std::forward_iterator_tag)
240 2
fl=/usr/include/c++/14/bits/stl_uninitialized.h
fn=int* std::__uninitialized_copy<true>::__uninit_copy<__gnu_cxx::__normal_iterator<int const*, std::vector<int, std::allocator<int> > >, int*>(__gnu_cxx::__normal_iterator<int const*, std::vector<int, std::allocator<int> > >, __gnu_cxx::__normal_iterator<int const*, std::vector<int, std::allocator<int> > >, int*)
145 224000
147 256000
fn=int* std::__uninitialized_copy_a<__gnu_cxx::__normal_iterator<int const*, std::vector<int, std::allocator<int> > >, int*, int>(__gnu_cxx::__normal_iterator<int const*, std::vector<int, std::allocator<int> > >, __gnu_cxx::__normal_iterator<int const*, std::vector<int, std::allocator<int> > >, int*, std::allocator<int>&)
366 256000
370 96000
373 224000
374 64000
fn=int* std::__uninitialized_default_n<int*, unsigned long>(int*, unsigned long)
696 36
699 18
707 6
712 36
713 12
fn=int* std::__uninitialized_default_n_1<true>::__uninit_default_n<int*, unsigned long>(int*, unsigned long)
660 36
662 12
665 24
666 18
667 6
668 48
670 6
671 12
fn=int* std::__uninitialized_default_n_a<int*, unsigned long, int>(int*, unsigned long, std::allocator<int>&)
777 42
779 42
fn=int* std::uninitialized_copy<__gnu_cxx::__normal_iterator<int const*, std::vector<int, std::allocator<int> > >, int*>(__gnu_cxx::__normal_iterator<int const*, std::vector<int, std::allocator<int> > >, __gnu_cxx::__normal_iterator<int const*, std::vector<int, std::allocator<int> > >, int*)
163 224000
174 32000
181 32000
185 192000
186 64000
fn=std::vector<int, std::allocator<int> >* std::__do_uninit_fill_n<std::vector<int, std::allocator<int> >*, unsigned long, std::vector<int, std::allocator<int> > >(std::vector<int, std::allocator<int> >*, unsigned long, std::vector<int, std::allocator<int> > const&)
261 16
263 4
266 128006
267 256000
268 4
275 6
fn=std::vector<int, std::allocator<int> >* std::__uninitialized_fill_n<false>::__uninit_fill_n<std::vector<int, std::allocator<int> >*, unsigned long, std::vector<int, std::allocator<int> > >(std::vector<int, std::allocator<int> >*, unsigned long, std::vector<int, std::allocator<int> > const&)
282 14
284 16
fn=std::vector<int, std::allocator<int> >* std::__uninitialized_fill_n_a<std::vector<int, std::allocator<int> >*, unsigned long, std::vector<int, std::allocator<int> >, std::vector<int, std::allocator<int> > >(std::vector<int, std::allocator<int> >*, unsigned long, std::vector<int, std::allocator<int> > const&, std::allocator<std::vector<int, std::allocator<int> > >&)
465 16
469 6
472 14
473 4
fn=std::vector<int, std::allocator<int> >* std::uninitialized_fill_n<std::vector<int, std::allocator<int> >*, unsigned long, std::vector<int, std::allocator<int> > >(std::vector<int, std::allocator<int> >*, unsigned long, std::vector<int, std::allocator<int> > const&)
312 14
319 2
327 12
328 4
fl=/usr/include/c++/14/bits/stl_vector.h
fn=std::_Vector_base<int, std::allocator<int> >::_M_allocate(unsigned long)
377 288054
380 320060
381 160030
fn=std::_Vector_base<int, std::allocator<int> >::_M_create_storage(unsigned long)
396 192036
398 224042
399 128024
400 224042
401 96018
fn=std::_Vector_base<int, std::allocator<int> >::_M_deallocate(int*, unsigned long)
385 224042
388 64012
389 384072
390 96018
fn=std::_Vector_base<int, std::allocator<int> >::_M_get_Tp_allocator()
300 256048
301 192036
fn=std::_Vector_base<int, std::allocator<int> >::_M_get_Tp_allocator() const
305 128000
306 96000
fn=std::_Vector_base<int, std::allocator<int> >::_Vector_base(unsigned long, std::allocator<int> const&)
332 256048
333 160030
334 288054
fn=std::_Vector_base<int, std::allocator<int> >::_Vector_impl::_Vector_impl(std::allocator<int> const&)
145 448084
146 96018
147 96018
fn=std::_Vector_base<int, std::allocator<int> >::_Vector_impl::~_Vector_impl()
132 288054
fn=std::_Vector_base<int, std::allocator<int> >::_Vector_impl_data::_Vector_impl_data()
98 128024
99 192036
100 96018
fn=std::_Vector_base<int, std::allocator<int> >::~_Vector_base()
366 160030
368 224042
369 224042
370 192036
fn=std::_Vector_base<std::vector<int, std::allocator<int> >, std::allocator<std::vector<int, std::allocator<int> > > >::_M_allocate(unsigned long)
377 18
380 20
381 10
fn=std::_Vector_base<std::vector<int, std::allocator<int> >, std::allocator<std::vector<int, std::allocator<int> > > >::_M_create_storage(unsigned long)
396 12
398 14
399 8
400 20
401 6
fn=std::_Vector_base<std::vector<int, std::allocator<int> >, std::allocator<std::vector<int, std::allocator<int> > > >::_M_deallocate(std::vector<int, std::allocator<int> >*, unsigned long)
385 14
388 4
389 24
390 6
fn=std::_Vector_base<std::vector<int, std::allocator<int> >, std::allocator<std::vector<int, std::allocator<int> > > >::_M_get_Tp_allocator()
300 16
301 12
fn=std::_Vector_base<std::vector<int, std::allocator<int> >, std::allocator<std::vector<int, std::allocator<int> > > >::_Vector_base(unsigned long, std::allocator<std::vector<int, std::allocator<int> > > const&)
332 16
333 10
334 18
fn=std::_Vector_base<std::vector<int, std::allocator<int> >, std::allocator<std::vector<int, std::allocator<int> > > >::_Vector_impl::_Vector_impl(std::allocator<std::vector<int, std::allocator<int> > > const&)
145 28
146 6
147 6
fn=std::_Vector_base<std::vector<int, std::allocator<int> >, std::allocator<std::vector<int, std::allocator<int> > > >::_Vector_impl::~_Vector_impl()
132 18
fn=std::_Vector_base<std::vector<int, std::allocator<int> >, std::allocator<std::vector<int, std::allocator<int> > > >::_Vector_impl_data::_Vector_impl_data()
98 8
99 12
100 6
fn=std::_Vector_base<std::vector<int, std::allocator<int> >, std::allocator<std::vector<int, std::allocator<int> > > >::~_Vector_base()
366 10
368 14
369 16
370 12
fn=std::vector<int, std::allocator<int> >::_M_default_initialize(unsigned long)
1717 36
1719 12
1720 36
1721 24
1722 18
fn=std::vector<int, std::allocator<int> >::_S_check_init_len(unsigned long, std::allocator<int> const&)
1917 90
1919 42
1922 6
1923 30
fn=std::vector<int, std::allocator<int> >::_S_max_size(std::allocator<int> const&)
1926 48
1931 12
1933 12
1934 36
1935 30
fn=std::vector<int, std::allocator<int> >::begin()
873 256016
874 352022
fn=std::vector<int, std::allocator<int> >::begin() const
883 256000
884 352000
fn=std::vector<int, std::allocator<int> >::end()
893 256016
894 384024
fn=std::vector<int, std::allocator<int> >::end() const
903 256000
904 384000
fn=std::vector<int, std::allocator<int> >::operator[](unsigned long)
1128 2560000000
1131 2560000000
1132 1024000000
fn=std::vector<int, std::allocator<int> >::operator[](unsigned long) const
1147 5120160000
1150 5120160000
1151 2048064000
fn=std::vector<int, std::allocator<int> >::size() const
992 128016
993 288036
fn=std::vector<int, std::allocator<int> >::vector(std::vector<int, std::allocator<int> > const&)
601 384000
603 768000
605 64000
606 448000
608 128000
609 320000
fn=std::vector<int, std::allocator<int> >::vector(unsigned long, std::allocator<int> const&)
556 48
557 72
558 54
fn=std::vector<int, std::allocator<int> >::~vector()
733 160030
735 224042
736 96018
738 192036
fn=std::vector<std::vector<int, std::allocator<int> >, std::allocator<std::vector<int, std::allocator<int> > > >::_M_fill_initialize(unsigned long, std::vector<int, std::allocator<int> > const&)
1706 14
1708 4
1709 12
1710 8
1711 6
fn=std::vector<std::vector<int, std::allocator<int> >, std::allocator<std::vector<int, std::allocator<int> > > >::_S_check_init_len(unsigned long, std::allocator<std::vector<int, std::allocator<int> > > const&)
1917 30
1919 14
1922 2
1923 10
fn=std::vector<std::vector<int, std::allocator<int> >, std::allocator<std::vector<int, std::allocator<int> > > >::_S_max_size(std::allocator<std::vector<int, std::allocator<int> > > const&)
1926 16
1931 4
1933 4
1934 12
1935 10
fn=std::vector<std::vector<int, std::allocator<int> >, std::allocator<std::vector<int, std::allocator<int> > > >::begin()
873 16
874 22
fn=std::vector<std::vector<int, std::allocator<int> >, std::allocator<std::vector<int, std::allocator<int> > > >::end()
893 16
894 24
fn=std::vector<std::vector<int, std::allocator<int> >, std::allocator<std::vector<int, std::allocator<int> > > >::operator[](unsigned long) const
1147 2560000000
1150 4096000000
1151 1024000000
fn=std::vector<std::vector<int, std::allocator<int> >, std::allocator<std::vector<int, std::allocator<int> > > >::vector(unsigned long, std::vector<int, std::allocator<int> > const&, std::allocator<std::vector<int, std::allocator<int> > > const&)
569 18
571 24
572 20
fn=std::vector<std::vector<int, std::allocator<int> >, std::allocator<std::vector<int, std::allocator<int> > > >::~vector()
733 10
735 14
736 6
738 12
fl=/usr/include/c++/14/bits/uniform_int_dist.h
fn=int std::uniform_int_distribution<int>::operator()<std::linear_congruential_engine<unsigned long, 16807ul, 0ul, 2147483647ul> >(std::linear_congruential_engine<unsigned long, 16807ul, 0ul, 2147483647ul>&)
203 3072192000
204 4096256000
fn=int std::uniform_int_distribution<int>::operator()<std::linear_congruential_engine<unsigned long, 16807ul, 0ul, 2147483647ul> >(std::linear_congruential_engine<unsigned long, 16807ul, 0ul, 2147483647ul>&, std::uniform_int_distribution<int>::param_type const&)
287 5632352000
295 512032000
296 512032000
299 512032000
301 1536096000
302 4096256000
305 1024064000
309 1536096000
334 2048128000
335 1536096000
337 2560160630
338 1536096378
339 2560160000
372 3072192000
373 3072192000
fn=std::uniform_int_distribution<int>::param_type::a() const
112 4096256000
113 4096256000
fn=std::uniform_int_distribution<int>::param_type::b() const
116 2048128000
117 2048128000
fn=std::uniform_int_distribution<int>::param_type::param_type(int, int)
104 6
106 6
108 2
109 3
fn=std::uniform_int_distribution<int>::uniform_int_distribution(int, int)
142 7
145 6
146 3
fn=std::uniform_int_distribution<short>::param_type::param_type(short, short)
104 9
106 6
108 2
109 3
fn=std::uniform_int_distribution<short>::uniform_int_distribution(short, short)
142 10
145 6
146 3
fl=/usr/include/c++/14/ext/alloc_traits.h
fn=std::vector<int, std::allocator<int> >::vector(std::vector<int, std::allocator<int> > const&)
98 32000
fl=/usr/include/c++/14/ext/string_conversions.h
fn=std::__cxx11::basic_string<char, std::char_traits<char>, std::allocator<char> > __gnu_cxx::__to_xstring<std::__cxx11::basic_string<char, std::char_traits<char>, std::allocator<char> >, char>(int (*)(char*, unsigned long, char const*, __va_list_tag*), unsigned long, char const*, ...)
101 46
107 62
111 12
113 20
117 24
118 12
fl=/usr/include/c++/14/new
fn=operator new(unsigned long, void*)
180 256048
fl=/usr/include/c++/14/type_traits
fn=std::is_constant_evaluated()
3818 192042
3820 64014
3824 128028
fl=/usr/include/x86_64-linux-gnu/c++/14/bits/c++config.h
fn=std::_Vector_base<int, std::allocator<int> >::_M_allocate(unsigned long)
547 32006
fn=std::_Vector_base<int, std::allocator<int> >::_M_deallocate(int*, unsigned long)
547 32006
fn=std::_Vector_base<std::vector<int, std::allocator<int> >, std::allocator<std::vector<int, std::allocator<int> > > >::_M_allocate(unsigned long)
547 2
fn=std::_Vector_base<std::vector<int, std::allocator<int> >, std::allocator<std::vector<int, std::allocator<int> > > >::_M_deallocate(std::vector<int, std::allocator<int> >*, unsigned long)
547 2
fn=std::__cxx11::basic_string<char, std::char_traits<char>, std::allocator<char> >::_M_destroy(unsigned long)
547 2
fn=std::__cxx11::basic_string<char, std::char_traits<char>, std::allocator<char> >::_S_allocate(std::allocator<char>&, unsigned long)
547 2
fn=std::char_traits<char>::assign(char&, char const&)
547 8
fn=std::char_traits<char>::copy(char*, char const*, unsigned long)
547 8
fn=std::char_traits<char>::length(char const*)
547 2
fn=std::uniform_int_distribution<int>::param_type::param_type(int, int)
547 1
fn=std::uniform_int_distribution<short>::param_type::param_type(short, short)
547 1
fn=void std::_Construct<int>(int*)
547 6
fn=void std::_Construct<std::vector<int, std::allocator<int> >, std::vector<int, std::allocator<int> > const&>(std::vector<int, std::allocator<int> >*, std::vector<int, std::allocator<int> > const&)
547 32000
fn=void std::_Destroy<int*>(int*, int*)
547 32006
fn=void std::_Destroy<std::vector<int, std::allocator<int> >*>(std::vector<int, std::allocator<int> >*, std::vector<int, std::allocator<int> >*)
547 2
fl=???
fn=(below main)
0 12
fn=???
0 387558
fn=__cpu_indicator_init
0 367
fn=__cxa_get_globals
0 32
fn=__gnu_cxx::stdio_sync_filebuf<char, std::char_traits<char> >::sync()
0 27
fn=__gnu_cxx::stdio_sync_filebuf<char, std::char_traits<char> >::xsputn(char const*, long)
0 12
fn=__gnu_cxx::stdio_sync_filebuf<wchar_t, std::char_traits<wchar_t> >::sync()
0 15
fn=operator delete(void*)
0 64020
fn=operator delete(void*, unsigned long)
0 64020
fn=operator new(unsigned long)
0 512160
fn=std::__cxx11::messages<char>::messages(unsigned long)
0 21
fn=std::__cxx11::messages<wchar_t>::messages(unsigned long)
0 21
fn=std::__cxx11::moneypunct<char, false>::_M_initialize_moneypunct(__locale_struct*, char const*)
0 114
fn=std::__cxx11::moneypunct<char, true>::_M_initialize_moneypunct(__locale_struct*, char const*)
0 115
fn=std::__cxx11::moneypunct<wchar_t, false>::_M_initialize_moneypunct(__locale_struct*, char const*)
0 109
fn=std::__cxx11::moneypunct<wchar_t, true>::_M_initialize_moneypunct(__locale_struct*, char const*)
0 109
fn=std::__cxx11::numpunct<char>::_M_initialize_numpunct(__locale_struct*)
0 417
fn=std::__cxx11::numpunct<wchar_t>::_M_initialize_numpunct(__locale_struct*)
0 353
fn=std::__timepunct<char>::_M_initialize_timepunct(__locale_struct*)
0 132
fn=std::__timepunct<char>::__timepunct(std::__timepunct_cache<char>*, unsigned long)
0 24
fn=std::__timepunct<wchar_t>::_M_initialize_timepunct(__locale_struct*)
0 129
fn=std::__timepunct<wchar_t>::__timepunct(std::__timepunct_cache<wchar_t>*, unsigned long)
0 24
fn=std::basic_ios<char, std::char_traits<char> >::_M_cache_locale(std::locale const&)
0 128
fn=std::basic_ios<char, std::char_traits<char> >::init(std::basic_streambuf<char, std::char_traits<char> >*)
0 96
fn=std::basic_ios<wchar_t, std::char_traits<wchar_t> >::_M_cache_locale(std::locale const&)
0 128
fn=std::basic_ios<wchar_t, std::char_traits<wchar_t> >::init(std::basic_streambuf<wchar_t, std::char_traits<wchar_t> >*)
0 96
fn=std::basic_ostream<char, std::char_traits<char> >& std::__ostream_insert<char, std::char_traits<char> >(std::basic_ostream<char, std::char_traits<char> >&, char const*, long)
0 134
fn=std::basic_ostream<char, std::char_traits<char> >& std::operator<< <char, std::char_traits<char>, std::allocator<char> >(std::basic_ostream<char, std::char_traits<char> >&, std::__cxx11::basic_string<char, std::char_traits<char>, std::allocator<char> > const&)
0 8
fn=std::basic_ostream<wchar_t, std::char_traits<wchar_t> >::flush()
0 174
fn=std::basic_ostream<wchar_t, std::char_traits<wchar_t> >::sentry::sentry(std::basic_ostream<wchar_t, std::char_traits<wchar_t> >&)
0 97
fn=std::codecvt<char, char, __mbstate_t>::codecvt(unsigned long)
0 19
fn=std::codecvt<wchar_t, char, __mbstate_t>::codecvt(unsigned long)
0 19
fn=std::ctype<char>::ctype(unsigned short const*, bool, unsigned long)
0 121
fn=std::ctype<wchar_t>::_M_convert_to_wmask(unsigned short) const
0 146
fn=std::ctype<wchar_t>::_M_initialize_ctype()
0 2736
fn=std::ctype<wchar_t>::ctype(unsigned long)
0 21
fn=std::error_category::error_category()
0 10
fn=std::error_category::~error_category()
0 4
fn=std::future_category()
0 3
fn=std::ios_base::Init::Init()
0 272
fn=std::ios_base::Init::~Init()
0 26
fn=std::ios_base::_M_init()
0 224
fn=std::ios_base::ios_base()
0 480
fn=std::locale::_Impl::_Impl(unsigned long)
0 673
fn=std::locale::_Impl::_M_install_facet(std::locale::id const*, std::locale::facet const*)
0 12192
fn=std::locale::facet::_S_create_c_locale(__locale_struct*&, char const*, __locale_struct*)
0 14
fn=std::locale::facet::_S_get_c_locale()
0 210
fn=std::locale::facet::_S_get_c_name()
0 21
fn=std::locale::id::_M_id() const
0 948
fn=std::locale::locale()
0 484
fn=std::locale::locale(std::locale::_Impl*)
0 3
fn=std::locale::operator=(std::locale const&)
0 184
fn=std::locale::~locale()
0 96
fn=std::messages<char>::messages(unsigned long)
0 21
fn=std::messages<wchar_t>::messages(unsigned long)
0 21
fn=std::moneypunct<char, false>::_M_initialize_moneypunct(__locale_struct*, char const*)
0 114
fn=std::moneypunct<char, true>::_M_initialize_moneypunct(__locale_struct*, char const*)
0 115
fn=std::moneypunct<wchar_t, false>::_M_initialize_moneypunct(__locale_struct*, char const*)
0 109
fn=std::moneypunct<wchar_t, true>::_M_initialize_moneypunct(__locale_struct*, char const*)
0 109
fn=std::numpunct<char>::_M_initialize_numpunct(__locale_struct*)
0 417
fn=std::numpunct<wchar_t>::_M_initialize_numpunct(__locale_struct*)
0 353
fn=std::ostream::flush()
0 256
fn=std::ostream::sentry::sentry(std::ostream&)
0 203
fn=std::random_device::_M_fini()
0 8
fn=std::random_device::_M_getval()
0 54
fn=std::random_device::_M_init(std::__cxx11::basic_string<char, std::char_traits<char>, std::allocator<char> > const&)
0 100
fn=std::uncaught_exception()
0 36
summary: 172606300111
